<?xml version="1.0" encoding="UTF-8"?>
<robot generator="Robot 3.0.2 (Python 3.8.10 on win32)" generated="20220120 15:25:34.683">
<suite id="s1" name="Demo robot01" source="C:\Users\meimei\eclipse-workspace\Demo_robot01">
<suite id="s1-s1" name="Test" source="C:\Users\meimei\eclipse-workspace\Demo_robot01\Test">
<suite id="s1-s1-s1" name="Demo01" source="C:\Users\meimei\eclipse-workspace\Demo_robot01\Test\Demo01.robot">
<test id="s1-s1-s1-t1" name="Test Any API">
<kw name="Open Browser" library="SeleniumLibrary">
<doc>Opens a new browser instance to the given ``url``.</doc>
<arguments>
<arg>https://any-api.com/</arg>
<arg>chrome</arg>
</arguments>
<msg timestamp="20220120 15:25:35.304" level="INFO">Opening browser 'chrome' to base url 'https://any-api.com/'.</msg>
<status status="PASS" starttime="20220120 15:25:35.304" endtime="20220120 15:25:42.553"></status>
</kw>
<kw name="Get WebElements" library="SeleniumLibrary">
<doc>Returns list of WebElement objects matching the ``locator``.</doc>
<arguments>
<arg>class=tag-link</arg>
</arguments>
<assign>
<var>@{links}</var>
</assign>
<msg timestamp="20220120 15:25:42.584" level="INFO">@{links} = [ &lt;selenium.webdriver.remote.webelement.WebElement (session="5fe18e17a82fa5ba022c5cc98a3d653d", element="2cbe12e6-9cd1-46d9-8868-ee09f9cbcac6")&gt; | &lt;selenium.webdriver.remote.webelement.WebElement (ses...</msg>
<status status="PASS" starttime="20220120 15:25:42.554" endtime="20220120 15:25:42.585"></status>
</kw>
<kw name="${item} IN [ @{links} ]" type="for">
<kw name="${item} = &lt;selenium.webdriver.remote.webelement.WebElement (session=&quot;5fe18e17a82fa5ba022c5cc98a3d653d&quot;, element=&quot;2cbe12e6-9cd1-46d9-8868-ee09f9cbcac6&quot;)&gt;" type="foritem">
<kw name="Click Element" library="SeleniumLibrary">
<doc>Click element identified by ``locator``.</doc>
<arguments>
<arg>${item}</arg>
</arguments>
<msg timestamp="20220120 15:25:42.586" level="INFO">Clicking element '&lt;selenium.webdriver.remote.webelement.WebElement (session="5fe18e17a82fa5ba022c5cc98a3d653d", element="2cbe12e6-9cd1-46d9-8868-ee09f9cbcac6")&gt;'.</msg>
<status status="PASS" starttime="20220120 15:25:42.586" endtime="20220120 15:25:42.734"></status>
</kw>
<kw name="Get Location" library="SeleniumLibrary">
<doc>Returns the current browser URL.</doc>
<assign>
<var>${location}</var>
</assign>
<msg timestamp="20220120 15:25:42.747" level="INFO">${location} = https://any-api.com/</msg>
<status status="PASS" starttime="20220120 15:25:42.735" endtime="20220120 15:25:42.747"></status>
</kw>
<kw name="GET" library="RequestsLibrary">
<doc>Sends a GET request.</doc>
<arguments>
<arg>${location}</arg>
<arg>timeout=10</arg>
</arguments>
<assign>
<var>${response}</var>
</assign>
<msg timestamp="20220120 15:25:43.626" level="INFO">GET Request : url=https://any-api.com/ 
 path_url=/ 
 headers={'User-Agent': 'python-requests/2.27.1', 'Accept-Encoding': 'gzip, deflate', 'Accept': '*/*', 'Connection': 'keep-alive'} 
 body=None 
 </msg>
<msg timestamp="20220120 15:25:43.627" level="INFO">GET Response : url=https://any-api.com/ 
 status=200, reason=OK 
 headers={'Date': 'Thu, 20 Jan 2022 08:25:43 GMT', 'Content-Type': 'text/html; charset=UTF-8', 'Transfer-Encoding': 'chunked', 'Connection': 'keep-alive', 'x-powered-by': 'Express', 'cache-control': 'public, max-age=0', 'last-modified': 'Wed, 12 May 2021 10:51:49 GMT', 'vary': 'Accept-Encoding', 'CF-Cache-Status': 'DYNAMIC', 'Expect-CT': 'max-age=604800, report-uri="https://report-uri.cloudflare.com/cdn-cgi/beacon/expect-ct"', 'Report-To': '{"endpoints":[{"url":"https:\\/\\/a.nel.cloudflare.com\\/report\\/v3?s=FKbPdkEKeurKH4VQsmSAuA1AyNA6BYGHPIZT74pmep6nxxCviK7WOynirtbksvTdRknHQ9UohAYxUdxudfo3i33r3DqfItgRE4ewj41kSeiwC9Auw9tjgJTn6J9hmB4Vigf5jZ3ed1u8fA%3D%3D"}],"group":"cf-nel","max_age":604800}', 'NEL': '{"success_fraction":0,"report_to":"cf-nel","max_age":604800}', 'Server': 'cloudflare', 'CF-RAY': '6d06e9ef5ab33db8-HKG', 'Content-Encoding': 'gzip', 'alt-svc': 'h3=":443"; ma=86400, h3-29=":443"; ma=86400'} 
 body=&lt;!DOCTYPE html&gt;&lt;html&gt;&lt;head&gt;
    &lt;title&gt;AnyAPI&lt;/title&gt;
    &lt;base href="/"&gt;
    &lt;link rel="icon" href="assets/favicon.png"&gt;
    &lt;meta http-equiv="Content-Type" content="text/html;charset=utf-8"&gt;
    &lt;meta content="width=device-width, initial-scale=1, minimum-scale=1.0, user-scalable=no" name="viewport"&gt;
    
	&lt;script async src="https://www.googletagmanager.com/gtag/js?id=G-D0MG0ZJ1KC"&gt;&lt;/script&gt;
	&lt;script&gt;
	  window.dataLayer = window.dataLayer || [];
	  function gtag(){dataLayer.push(arguments);}
	  gtag('js', new Date());

	  gtag('config', 'G-D0MG0ZJ1KC');
	&lt;/script&gt;

    &lt;script type="text/javascript"&gt;
      window.lucybot = {};
      function checkBooleanQueryParam(name) {
        return !!window.location.href.substring(window.location.href.indexOf('?')).match(new RegExp('[?&amp;]' + name + '=[^0f]'));
      }
      window.lucybot.openapi = {};
      window.lucybot.prerender = checkBooleanQueryParam('prerender');
      window.lucybot.embed = checkBooleanQueryParam('embed');
      window.lucybot.showNavigation = checkBooleanQueryParam('showNavigation');
    &lt;/script&gt;

  &lt;link href="styles.bundle.css" rel="stylesheet"&gt;&lt;style ng-transition="lucybot-doc-app"&gt;virtual-scroller[_ngcontent-c0] {
        height: 1500px;
      }&lt;/style&gt;&lt;meta name="title" content="AnyAPI"&gt;&lt;meta name="description" content="Documentation and Test Consoles for over 1400 Public APIs"&gt;&lt;meta name="keywords" content=""&gt;&lt;style ng-transition="lucybot-doc-app"&gt;[_nghost-c1] {
      position: relative;
	  display: block;
      -webkit-overflow-scrolling: touch;
    }
	
	.horizontal.selfScroll[_nghost-c1] {
      overflow-y: visible;
      overflow-x: auto;
	}
	.vertical.selfScroll[_nghost-c1] {
      overflow-y: auto;
      overflow-x: visible;
	}
	
    .scrollable-content[_ngcontent-c1] {
      top: 0;
      left: 0;
      width: 100%;
      height: 100%;
      max-width: 100vw;
      max-height: 100vh;
      position: absolute;
    }

	.scrollable-content[_ngcontent-c1]     &gt; * {
		box-sizing: border-box;
	}
	
	.horizontal[_nghost-c1] {
		white-space: nowrap;
	}
	
	.horizontal[_nghost-c1]   .scrollable-content[_ngcontent-c1] {
		display: flex;
	}
	
	.horizontal[_nghost-c1]   .scrollable-content[_ngcontent-c1]     &gt; * {
		flex-shrink: 0;
		flex-grow: 0;
		white-space: initial;
	}
	
    .total-padding[_ngcontent-c1] {
      width: 1px;
      opacity: 0;
    }
    
    .horizontal[_nghost-c1]   .total-padding[_ngcontent-c1] {
      height: 100%;
    }&lt;/style&gt;&lt;/head&gt;

  &lt;body&gt;
    &lt;div id="Navbar"&gt;&lt;nav class="navbar navbar-inverse"&gt;
  &lt;div class="container-fluid"&gt;
    &lt;div class="navbar-header"&gt;
      &lt;button type="button" class="navbar-toggle collapsed" data-toggle="collapse" data-target="#NavbarCollapse" aria-expanded="false"&gt;
        &lt;span class="sr-only"&gt;Toggle navigation&lt;/span&gt;
        &lt;span class="icon-bar"&gt;&lt;/span&gt;
        &lt;span class="icon-bar"&gt;&lt;/span&gt;
        &lt;span class="icon-bar"&gt;&lt;/span&gt;
      &lt;/button&gt;
      &lt;a href="/" class="navbar-brand"&gt;
        &lt;span&gt;Any&lt;/span&gt;
        &lt;i class="fa fa-bolt"&gt;&lt;/i&gt;
        &lt;span&gt;API&lt;/span&gt;
        &lt;span id="AnyAPITitle"&gt;&lt;/span&gt;
      &lt;/a&gt;
	  &lt;img src="https://apilayer.com/images/apilayer-logo.svg" style="position: absolute;
    left: 120px;
    top: 11px;width:110px"&gt;
    &lt;/div&gt;
    &lt;div id="NavbarCollapse" class="collapse navbar-collapse"&gt;
      &lt;ul class="nav navbar-nav navbar-right"&gt;
        &lt;li&gt;
          &lt;a href="http://apilayer.com" target="_blank"&gt;Get Your Free API Key&lt;/a&gt;
        &lt;/li&gt;
      &lt;/ul&gt;
      &lt;form class="navbar-form navbar-right" onsubmit="return onSubmitAnyAPISearch()" action="/" method="get"&gt;
        &lt;div class="form-group"&gt;
          &lt;div class="input-group input-group-sm"&gt;
            &lt;input type="text" class="form-control" name="query" placeholder="Search APIs" id="AnyAPISearch"&gt;
            &lt;div class="input-group-btn"&gt;
              &lt;button type="submit" class="btn"&gt;
                &lt;i class="fa fa-search"&gt;&lt;/i&gt;
              &lt;/button&gt;
            
          &lt;/div&gt;
        &lt;/div&gt;
        &lt;button type="submit" class="btn btn-default hidden"&gt;Submit&lt;/button&gt;
      
    &lt;/div&gt;&lt;/form&gt;
  &lt;/div&gt;
&lt;/div&gt;&lt;/nav&gt;
&lt;/div&gt;

    &lt;app class="loading" ng-version="5.2.9"&gt;
      &lt;router-outlet&gt;&lt;/router-outlet&gt;&lt;gallery _nghost-c0=""&gt;&lt;!----&gt;&lt;div _ngcontent-c0="" class="container-fluid main-container" id="Gallery"&gt;&lt;div _ngcontent-c0="" class="row"&gt;&lt;div _ngcontent-c0="" class="col-xs-12 col-sm-9"&gt;&lt;h1 _ngcontent-c0="" class="breadcrumbs"&gt;&lt;!----&gt;&lt;span _ngcontent-c0=""&gt;API Gallery&lt;/span&gt;&lt;!----&gt;&lt;!----&gt;&lt;/h1&gt;&lt;/div&gt;&lt;div _ngcontent-c0="" class="hidden-xs col-sm-3"&gt;&lt;h3 _ngcontent-c0=""&gt;&lt;div _ngcontent-c0="" class="input-group input-group-sm"&gt;&lt;input _ngcontent-c0="" class="form-control ng-untouched ng-pristine ng-valid" type="text" value=""&gt;&lt;span _ngcontent-c0="" class="input-group-btn"&gt;&lt;!----&gt;&lt;a _ngcontent-c0="" class="btn btn-default"&gt;&lt;span _ngcontent-c0=""&gt;&amp;nbsp;&lt;/span&gt;&lt;i _ngcontent-c0="" class="fa fa-search"&gt;&lt;/i&gt;&lt;span _ngcontent-c0=""&gt;&amp;nbsp;&lt;/span&gt;&lt;/a&gt;&lt;!----&gt;&lt;/span&gt;&lt;/div&gt;&lt;/h3&gt;&lt;/div&gt;&lt;/div&gt;&lt;div _ngcontent-c0="" class="intro" innerhtml="&lt;h1&gt;Any &lt;i class=&amp;quot;fa fa-bolt&amp;quot;&gt;&lt;/i&gt; API&lt;/h1&gt;&amp;amp;#10;&lt;h4&gt;Documentation and Test Consoles for Over 1400 Public APIs&lt;/h4&gt;&amp;amp;#10;&lt;p&gt;Powered by &lt;a href=&amp;quot;http://lucybot.com&amp;quot;&gt;LucyBot&lt;/a&gt; and &lt;a href=&amp;quot;http://apis.guru&amp;quot;&gt;APIs Guru&lt;/a&gt;&lt;/p&gt;&amp;amp;#10;"&gt;&lt;h1&gt;Any &lt;i class="fa fa-bolt"&gt;&lt;/i&gt; API&lt;/h1&gt;
&lt;h4&gt;Documentation and Test Consoles for Over 1400 Public APIs&lt;/h4&gt;
&lt;p&gt;Powered by &lt;a href="http://apilayer.com"&gt;apilayer&lt;/a&gt;, &lt;a href="http://lucybot.com"&gt;LucyBot&lt;/a&gt; and &lt;a href="http://apis.guru"&gt;APIs Guru&lt;/a&gt;&lt;/p&gt;
&lt;/div&gt;&lt;div _ngcontent-c0="" class="row"&gt;&lt;!----&gt;&lt;div _ngcontent-c0="" class="col-xs-12 col-sm-3"&gt;&lt;div _ngcontent-c0="" class="text-center visible-xs show-tags-button"&gt;&lt;a _ngcontent-c0="" class="btn btn-default"&gt;&lt;!----&gt;&lt;!----&gt;&lt;span _ngcontent-c0=""&gt;&lt;span _ngcontent-c0=""&gt;Show Tags&lt;/span&gt;&lt;i _ngcontent-c0="" class="fa fa-right fa-caret-down"&gt;&lt;/i&gt;&lt;/span&gt;&lt;/a&gt;&lt;/div&gt;&lt;div _ngcontent-c0="" class="well tags hidden-xs"&gt;&lt;ul _ngcontent-c0="" class="nav nav-pills nav-stacked text-uppercase"&gt;&lt;li _ngcontent-c0="" class="active"&gt;&lt;a _ngcontent-c0="" class="tag-link"&gt;All&lt;/a&gt;&lt;/li&gt;&lt;!----&gt;&lt;li _ngcontent-c0=""&gt;&lt;a _ngcontent-c0="" class="tag-link"&gt;analytics&lt;/a&gt;&lt;/li&gt;&lt;li _ngcontent-c0=""&gt;&lt;a _ngcontent-c0="" class="tag-link"&gt;backend&lt;/a&gt;&lt;/li&gt;&lt;li _ngcontent-c0=""&gt;&lt;a _ngcontent-c0="" class="tag-link"&gt;cloud&lt;/a&gt;&lt;/li&gt;&lt;li _ngcontent-c0=""&gt;&lt;a _ngcontent-c0="" class="tag-link"&gt;collaboration&lt;/a&gt;&lt;/li&gt;&lt;li _ngcontent-c0=""&gt;&lt;a _ngcontent-c0="" class="tag-link"&gt;customer relation&lt;/a&gt;&lt;/li&gt;&lt;li _ngcontent-c0=""&gt;&lt;a _ngcontent-c0="" class="tag-link"&gt;developer tools&lt;/a&gt;&lt;/li&gt;&lt;li _ngcontent-c0=""&gt;&lt;a _ngcontent-c0="" class="tag-link"&gt;ecommerce&lt;/a&gt;&lt;/li&gt;&lt;li _ngcontent-c0=""&gt;&lt;a _ngcontent-c0="" class="tag-link"&gt;education&lt;/a&gt;&lt;/li&gt;&lt;li _ngcontent-c0=""&gt;&lt;a _ngcontent-c0="" class="tag-link"&gt;email&lt;/a&gt;&lt;/li&gt;&lt;li _ngcontent-c0=""&gt;&lt;a _ngcontent-c0="" class="tag-link"&gt;enterprise&lt;/a&gt;&lt;/li&gt;&lt;li _ngcontent-c0=""&gt;&lt;a _ngcontent-c0="" class="tag-link"&gt;entertainment&lt;/a&gt;&lt;/li&gt;&lt;li _ngcontent-c0=""&gt;&lt;a _ngcontent-c0="" class="tag-link"&gt;Featured APIs&lt;/a&gt;&lt;/li&gt;&lt;li _ngcontent-c0=""&gt;&lt;a _ngcontent-c0="" class="tag-link"&gt;financial&lt;/a&gt;&lt;/li&gt;&lt;li _ngcontent-c0=""&gt;&lt;a _ngcontent-c0="" class="tag-link"&gt;hosting&lt;/a&gt;&lt;/li&gt;&lt;li _ngcontent-c0=""&gt;&lt;a _ngcontent-c0="" class="tag-link"&gt;iot&lt;/a&gt;&lt;/li&gt;&lt;li _ngcontent-c0=""&gt;&lt;a _ngcontent-c0="" class="tag-link"&gt;location&lt;/a&gt;&lt;/li&gt;&lt;li _ngcontent-c0=""&gt;&lt;a _ngcontent-c0="" class="tag-link"&gt;machine learning&lt;/a&gt;&lt;/li&gt;&lt;li _ngcontent-c0=""&gt;&lt;a _ngcontent-c0="" class="tag-link"&gt;marketing&lt;/a&gt;&lt;/li&gt;&lt;li _ngcontent-c0=""&gt;&lt;a _ngcontent-c0="" class="tag-link"&gt;media&lt;/a&gt;&lt;/li&gt;&lt;li _ngcontent-c0=""&gt;&lt;a _ngcontent-c0="" class="tag-link"&gt;messaging&lt;/a&gt;&lt;/li&gt;&lt;li _ngcontent-c0=""&gt;&lt;a _ngcontent-c0="" class="tag-link"&gt;monitoring&lt;/a&gt;&lt;/li&gt;&lt;li _ngcontent-c0=""&gt;&lt;a _ngcontent-c0="" class="tag-link"&gt;open data&lt;/a&gt;&lt;/li&gt;&lt;li _ngcontent-c0=""&gt;&lt;a _ngcontent-c0="" class="tag-link"&gt;payment&lt;/a&gt;&lt;/li&gt;&lt;li _ngcontent-c0=""&gt;&lt;a _ngcontent-c0="" class="tag-link"&gt;project management&lt;/a&gt;&lt;/li&gt;&lt;li _ngcontent-c0=""&gt;&lt;a _ngcontent-c0="" class="tag-link"&gt;search&lt;/a&gt;&lt;/li&gt;&lt;li _ngcontent-c0=""&gt;&lt;a _ngcontent-c0="" class="tag-link"&gt;security&lt;/a&gt;&lt;/li&gt;&lt;li _ngcontent-c0=""&gt;&lt;a _ngcontent-c0="" class="tag-link"&gt;social&lt;/a&gt;&lt;/li&gt;&lt;li _ngcontent-c0=""&gt;&lt;a _ngcontent-c0="" class="tag-link"&gt;storage&lt;/a&gt;&lt;/li&gt;&lt;li _ngcontent-c0=""&gt;&lt;a _ngcontent-c0="" class="tag-link"&gt;support&lt;/a&gt;&lt;/li&gt;&lt;li _ngcontent-c0=""&gt;&lt;a _ngcontent-c0="" class="tag-link"&gt;telecom&lt;/a&gt;&lt;/li&gt;&lt;li _ngcontent-c0=""&gt;&lt;a _ngcontent-c0="" class="tag-link"&gt;text&lt;/a&gt;&lt;/li&gt;&lt;li _ngcontent-c0=""&gt;&lt;a _ngcontent-c0="" class="tag-link"&gt;time management&lt;/a&gt;&lt;/li&gt;&lt;li _ngcontent-c0=""&gt;&lt;a _ngcontent-c0="" class="tag-link"&gt;tools&lt;/a&gt;&lt;/li&gt;&lt;li _ngcontent-c0=""&gt;&lt;a _ngcontent-c0="" class="tag-link"&gt;transport&lt;/a&gt;&lt;/li&gt;&lt;/ul&gt;&lt;/div&gt;&lt;/div&gt;&lt;div _ngcontent-c0="" class="col-xs-12 col-sm-9"&gt;&lt;div _ngcontent-c0="" class="alert alert-warning" hidden=""&gt;No items found.&lt;/div&gt;&lt;virtual-scroller _ngcontent-c0="" class="row vertical selfScroll" _nghost-c1=""&gt;
    &lt;div _ngcontent-c1="" class="total-padding"&gt;&lt;/div&gt;
    &lt;div _ngcontent-c1="" class="scrollable-content"&gt;
	
	&lt;!-- row 1 start--&gt;
	&lt;div _ngcontent-c0="" class="box-col col-xs-12 col-sm-6 col-md-4 col-lg-3"&gt;&lt;!----&gt;&lt;!----&gt;&lt;div _ngcontent-c0="" class="panel panel-default fill-link-container icon-center"&gt;&lt;!----&gt;&lt;!----&gt;&lt;!----&gt;&lt;!----&gt;&lt;a _ngcontent-c0="" class="fill-link" href="https://www.weatherstack.com?utm_source=any-api&amp;utm_medium=OwnedSites" attr="https://www.weatherstack.com?utm_source=any-api&amp;utm_medium=OwnedSites"&gt;&lt;/a&gt;&lt;div _ngcontent-c0="" class="panel-heading"&gt;&lt;div _ngcontent-c0="" class="heading-icon text-center" style="background-color:transparent;"&gt;&lt;!----&gt;&lt;!----&gt;&lt;img _ngcontent-c0="" src="/logos/oxforddictionaries_com.jpeg"&gt;&lt;/div&gt;&lt;div _ngcontent-c0="" class="heading-title text-left"&gt;&lt;span _ngcontent-c0=""&gt;Weatherstack&lt;/span&gt;&lt;/div&gt;&lt;hr _ngcontent-c0="" class="heading-underline"&gt;&lt;/div&gt;&lt;div _ngcontent-c0="" class="panel-body text-left"&gt;&lt;!----&gt;&lt;div _ngcontent-c0=""&gt;&lt;p _ngcontent-c0=""&gt;Instant, accurate weather information for any locati... (set the log level to DEBUG or TRACE to see the full content) 
 </msg>
<msg timestamp="20220120 15:25:43.628" level="INFO">${response} = &lt;Response [200]&gt;</msg>
<status status="PASS" starttime="20220120 15:25:42.747" endtime="20220120 15:25:43.628"></status>
</kw>
<kw name="Should Be Equal As Integers" library="BuiltIn">
<doc>Fails if objects are unequal after converting them to integers.</doc>
<arguments>
<arg>${response.status_code}</arg>
<arg>200</arg>
<arg>This link is active</arg>
</arguments>
<msg timestamp="20220120 15:25:43.629" level="INFO">Argument types are:
&lt;class 'int'&gt;
&lt;type 'unicode'&gt;</msg>
<status status="PASS" starttime="20220120 15:25:43.629" endtime="20220120 15:25:43.629"></status>
</kw>
<status status="PASS" starttime="20220120 15:25:42.585" endtime="20220120 15:25:43.629"></status>
</kw>
<kw name="${item} = &lt;selenium.webdriver.remote.webelement.WebElement (session=&quot;5fe18e17a82fa5ba022c5cc98a3d653d&quot;, element=&quot;0c1d9073-08f0-4f30-873e-b82592b954ba&quot;)&gt;" type="foritem">
<kw name="Click Element" library="SeleniumLibrary">
<doc>Click element identified by ``locator``.</doc>
<arguments>
<arg>${item}</arg>
</arguments>
<msg timestamp="20220120 15:25:43.630" level="INFO">Clicking element '&lt;selenium.webdriver.remote.webelement.WebElement (session="5fe18e17a82fa5ba022c5cc98a3d653d", element="0c1d9073-08f0-4f30-873e-b82592b954ba")&gt;'.</msg>
<status status="PASS" starttime="20220120 15:25:43.630" endtime="20220120 15:25:44.386"></status>
</kw>
<kw name="Get Location" library="SeleniumLibrary">
<doc>Returns the current browser URL.</doc>
<assign>
<var>${location}</var>
</assign>
<msg timestamp="20220120 15:25:44.406" level="INFO">${location} = https://any-api.com/?tag=analytics</msg>
<status status="PASS" starttime="20220120 15:25:44.386" endtime="20220120 15:25:44.406"></status>
</kw>
<kw name="GET" library="RequestsLibrary">
<doc>Sends a GET request.</doc>
<arguments>
<arg>${location}</arg>
<arg>timeout=10</arg>
</arguments>
<assign>
<var>${response}</var>
</assign>
<msg timestamp="20220120 15:25:44.778" level="INFO">GET Request : url=https://any-api.com/?tag=analytics 
 path_url=/?tag=analytics 
 headers={'User-Agent': 'python-requests/2.27.1', 'Accept-Encoding': 'gzip, deflate', 'Accept': '*/*', 'Connection': 'keep-alive'} 
 body=None 
 </msg>
<msg timestamp="20220120 15:25:44.778" level="INFO">GET Response : url=https://any-api.com/?tag=analytics 
 status=200, reason=OK 
 headers={'Date': 'Thu, 20 Jan 2022 08:25:44 GMT', 'Content-Type': 'text/html; charset=UTF-8', 'Transfer-Encoding': 'chunked', 'Connection': 'keep-alive', 'x-powered-by': 'Express', 'cache-control': 'public, max-age=0', 'last-modified': 'Wed, 12 May 2021 10:51:49 GMT', 'vary': 'Accept-Encoding', 'CF-Cache-Status': 'DYNAMIC', 'Expect-CT': 'max-age=604800, report-uri="https://report-uri.cloudflare.com/cdn-cgi/beacon/expect-ct"', 'Report-To': '{"endpoints":[{"url":"https:\\/\\/a.nel.cloudflare.com\\/report\\/v3?s=1fUontvF0DFo3gGOXx7z7VXVXy%2Bid84vcCbjgCFxfhu43ZdJ5Qd00Q%2Bd65ZtYtK9PA5sswwMDlf6fOIgh5sxlOnOTpkLB1cIE3jFJk84f0uId2cONp5R6elhiUKVwbERGcz0RsEk45u1ng%3D%3D"}],"group":"cf-nel","max_age":604800}', 'NEL': '{"success_fraction":0,"report_to":"cf-nel","max_age":604800}', 'Server': 'cloudflare', 'CF-RAY': '6d06e9f69c0e483a-SIN', 'Content-Encoding': 'gzip', 'alt-svc': 'h3=":443"; ma=86400, h3-29=":443"; ma=86400'} 
 body=&lt;!DOCTYPE html&gt;&lt;html&gt;&lt;head&gt;
    &lt;title&gt;AnyAPI&lt;/title&gt;
    &lt;base href="/"&gt;
    &lt;link rel="icon" href="assets/favicon.png"&gt;
    &lt;meta http-equiv="Content-Type" content="text/html;charset=utf-8"&gt;
    &lt;meta content="width=device-width, initial-scale=1, minimum-scale=1.0, user-scalable=no" name="viewport"&gt;
    
	&lt;script async src="https://www.googletagmanager.com/gtag/js?id=G-D0MG0ZJ1KC"&gt;&lt;/script&gt;
	&lt;script&gt;
	  window.dataLayer = window.dataLayer || [];
	  function gtag(){dataLayer.push(arguments);}
	  gtag('js', new Date());

	  gtag('config', 'G-D0MG0ZJ1KC');
	&lt;/script&gt;

    &lt;script type="text/javascript"&gt;
      window.lucybot = {};
      function checkBooleanQueryParam(name) {
        return !!window.location.href.substring(window.location.href.indexOf('?')).match(new RegExp('[?&amp;]' + name + '=[^0f]'));
      }
      window.lucybot.openapi = {};
      window.lucybot.prerender = checkBooleanQueryParam('prerender');
      window.lucybot.embed = checkBooleanQueryParam('embed');
      window.lucybot.showNavigation = checkBooleanQueryParam('showNavigation');
    &lt;/script&gt;

  &lt;link href="styles.bundle.css" rel="stylesheet"&gt;&lt;style ng-transition="lucybot-doc-app"&gt;virtual-scroller[_ngcontent-c0] {
        height: 1500px;
      }&lt;/style&gt;&lt;meta name="title" content="AnyAPI"&gt;&lt;meta name="description" content="Documentation and Test Consoles for over 1400 Public APIs"&gt;&lt;meta name="keywords" content=""&gt;&lt;style ng-transition="lucybot-doc-app"&gt;[_nghost-c1] {
      position: relative;
	  display: block;
      -webkit-overflow-scrolling: touch;
    }
	
	.horizontal.selfScroll[_nghost-c1] {
      overflow-y: visible;
      overflow-x: auto;
	}
	.vertical.selfScroll[_nghost-c1] {
      overflow-y: auto;
      overflow-x: visible;
	}
	
    .scrollable-content[_ngcontent-c1] {
      top: 0;
      left: 0;
      width: 100%;
      height: 100%;
      max-width: 100vw;
      max-height: 100vh;
      position: absolute;
    }

	.scrollable-content[_ngcontent-c1]     &gt; * {
		box-sizing: border-box;
	}
	
	.horizontal[_nghost-c1] {
		white-space: nowrap;
	}
	
	.horizontal[_nghost-c1]   .scrollable-content[_ngcontent-c1] {
		display: flex;
	}
	
	.horizontal[_nghost-c1]   .scrollable-content[_ngcontent-c1]     &gt; * {
		flex-shrink: 0;
		flex-grow: 0;
		white-space: initial;
	}
	
    .total-padding[_ngcontent-c1] {
      width: 1px;
      opacity: 0;
    }
    
    .horizontal[_nghost-c1]   .total-padding[_ngcontent-c1] {
      height: 100%;
    }&lt;/style&gt;&lt;/head&gt;

  &lt;body&gt;
    &lt;div id="Navbar"&gt;&lt;nav class="navbar navbar-inverse"&gt;
  &lt;div class="container-fluid"&gt;
    &lt;div class="navbar-header"&gt;
      &lt;button type="button" class="navbar-toggle collapsed" data-toggle="collapse" data-target="#NavbarCollapse" aria-expanded="false"&gt;
        &lt;span class="sr-only"&gt;Toggle navigation&lt;/span&gt;
        &lt;span class="icon-bar"&gt;&lt;/span&gt;
        &lt;span class="icon-bar"&gt;&lt;/span&gt;
        &lt;span class="icon-bar"&gt;&lt;/span&gt;
      &lt;/button&gt;
      &lt;a href="/" class="navbar-brand"&gt;
        &lt;span&gt;Any&lt;/span&gt;
        &lt;i class="fa fa-bolt"&gt;&lt;/i&gt;
        &lt;span&gt;API&lt;/span&gt;
        &lt;span id="AnyAPITitle"&gt;&lt;/span&gt;
      &lt;/a&gt;
	  &lt;img src="https://apilayer.com/images/apilayer-logo.svg" style="position: absolute;
    left: 120px;
    top: 11px;width:110px"&gt;
    &lt;/div&gt;
    &lt;div id="NavbarCollapse" class="collapse navbar-collapse"&gt;
      &lt;ul class="nav navbar-nav navbar-right"&gt;
        &lt;li&gt;
          &lt;a href="http://apilayer.com" target="_blank"&gt;Get Your Free API Key&lt;/a&gt;
        &lt;/li&gt;
      &lt;/ul&gt;
      &lt;form class="navbar-form navbar-right" onsubmit="return onSubmitAnyAPISearch()" action="/" method="get"&gt;
        &lt;div class="form-group"&gt;
          &lt;div class="input-group input-group-sm"&gt;
            &lt;input type="text" class="form-control" name="query" placeholder="Search APIs" id="AnyAPISearch"&gt;
            &lt;div class="input-group-btn"&gt;
              &lt;button type="submit" class="btn"&gt;
                &lt;i class="fa fa-search"&gt;&lt;/i&gt;
              &lt;/button&gt;
            
          &lt;/div&gt;
        &lt;/div&gt;
        &lt;button type="submit" class="btn btn-default hidden"&gt;Submit&lt;/button&gt;
      
    &lt;/div&gt;&lt;/form&gt;
  &lt;/div&gt;
&lt;/div&gt;&lt;/nav&gt;
&lt;/div&gt;

    &lt;app class="loading" ng-version="5.2.9"&gt;
      &lt;router-outlet&gt;&lt;/router-outlet&gt;&lt;gallery _nghost-c0=""&gt;&lt;!----&gt;&lt;div _ngcontent-c0="" class="container-fluid main-container" id="Gallery"&gt;&lt;div _ngcontent-c0="" class="row"&gt;&lt;div _ngcontent-c0="" class="col-xs-12 col-sm-9"&gt;&lt;h1 _ngcontent-c0="" class="breadcrumbs"&gt;&lt;!----&gt;&lt;span _ngcontent-c0=""&gt;API Gallery&lt;/span&gt;&lt;!----&gt;&lt;!----&gt;&lt;/h1&gt;&lt;/div&gt;&lt;div _ngcontent-c0="" class="hidden-xs col-sm-3"&gt;&lt;h3 _ngcontent-c0=""&gt;&lt;div _ngcontent-c0="" class="input-group input-group-sm"&gt;&lt;input _ngcontent-c0="" class="form-control ng-untouched ng-pristine ng-valid" type="text" value=""&gt;&lt;span _ngcontent-c0="" class="input-group-btn"&gt;&lt;!----&gt;&lt;a _ngcontent-c0="" class="btn btn-default"&gt;&lt;span _ngcontent-c0=""&gt;&amp;nbsp;&lt;/span&gt;&lt;i _ngcontent-c0="" class="fa fa-search"&gt;&lt;/i&gt;&lt;span _ngcontent-c0=""&gt;&amp;nbsp;&lt;/span&gt;&lt;/a&gt;&lt;!----&gt;&lt;/span&gt;&lt;/div&gt;&lt;/h3&gt;&lt;/div&gt;&lt;/div&gt;&lt;div _ngcontent-c0="" class="intro" innerhtml="&lt;h1&gt;Any &lt;i class=&amp;quot;fa fa-bolt&amp;quot;&gt;&lt;/i&gt; API&lt;/h1&gt;&amp;amp;#10;&lt;h4&gt;Documentation and Test Consoles for Over 1400 Public APIs&lt;/h4&gt;&amp;amp;#10;&lt;p&gt;Powered by &lt;a href=&amp;quot;http://lucybot.com&amp;quot;&gt;LucyBot&lt;/a&gt; and &lt;a href=&amp;quot;http://apis.guru&amp;quot;&gt;APIs Guru&lt;/a&gt;&lt;/p&gt;&amp;amp;#10;"&gt;&lt;h1&gt;Any &lt;i class="fa fa-bolt"&gt;&lt;/i&gt; API&lt;/h1&gt;
&lt;h4&gt;Documentation and Test Consoles for Over 1400 Public APIs&lt;/h4&gt;
&lt;p&gt;Powered by &lt;a href="http://apilayer.com"&gt;apilayer&lt;/a&gt;, &lt;a href="http://lucybot.com"&gt;LucyBot&lt;/a&gt; and &lt;a href="http://apis.guru"&gt;APIs Guru&lt;/a&gt;&lt;/p&gt;
&lt;/div&gt;&lt;div _ngcontent-c0="" class="row"&gt;&lt;!----&gt;&lt;div _ngcontent-c0="" class="col-xs-12 col-sm-3"&gt;&lt;div _ngcontent-c0="" class="text-center visible-xs show-tags-button"&gt;&lt;a _ngcontent-c0="" class="btn btn-default"&gt;&lt;!----&gt;&lt;!----&gt;&lt;span _ngcontent-c0=""&gt;&lt;span _ngcontent-c0=""&gt;Show Tags&lt;/span&gt;&lt;i _ngcontent-c0="" class="fa fa-right fa-caret-down"&gt;&lt;/i&gt;&lt;/span&gt;&lt;/a&gt;&lt;/div&gt;&lt;div _ngcontent-c0="" class="well tags hidden-xs"&gt;&lt;ul _ngcontent-c0="" class="nav nav-pills nav-stacked text-uppercase"&gt;&lt;li _ngcontent-c0="" class="active"&gt;&lt;a _ngcontent-c0="" class="tag-link"&gt;All&lt;/a&gt;&lt;/li&gt;&lt;!----&gt;&lt;li _ngcontent-c0=""&gt;&lt;a _ngcontent-c0="" class="tag-link"&gt;analytics&lt;/a&gt;&lt;/li&gt;&lt;li _ngcontent-c0=""&gt;&lt;a _ngcontent-c0="" class="tag-link"&gt;backend&lt;/a&gt;&lt;/li&gt;&lt;li _ngcontent-c0=""&gt;&lt;a _ngcontent-c0="" class="tag-link"&gt;cloud&lt;/a&gt;&lt;/li&gt;&lt;li _ngcontent-c0=""&gt;&lt;a _ngcontent-c0="" class="tag-link"&gt;collaboration&lt;/a&gt;&lt;/li&gt;&lt;li _ngcontent-c0=""&gt;&lt;a _ngcontent-c0="" class="tag-link"&gt;customer relation&lt;/a&gt;&lt;/li&gt;&lt;li _ngcontent-c0=""&gt;&lt;a _ngcontent-c0="" class="tag-link"&gt;developer tools&lt;/a&gt;&lt;/li&gt;&lt;li _ngcontent-c0=""&gt;&lt;a _ngcontent-c0="" class="tag-link"&gt;ecommerce&lt;/a&gt;&lt;/li&gt;&lt;li _ngcontent-c0=""&gt;&lt;a _ngcontent-c0="" class="tag-link"&gt;education&lt;/a&gt;&lt;/li&gt;&lt;li _ngcontent-c0=""&gt;&lt;a _ngcontent-c0="" class="tag-link"&gt;email&lt;/a&gt;&lt;/li&gt;&lt;li _ngcontent-c0=""&gt;&lt;a _ngcontent-c0="" class="tag-link"&gt;enterprise&lt;/a&gt;&lt;/li&gt;&lt;li _ngcontent-c0=""&gt;&lt;a _ngcontent-c0="" class="tag-link"&gt;entertainment&lt;/a&gt;&lt;/li&gt;&lt;li _ngcontent-c0=""&gt;&lt;a _ngcontent-c0="" class="tag-link"&gt;Featured APIs&lt;/a&gt;&lt;/li&gt;&lt;li _ngcontent-c0=""&gt;&lt;a _ngcontent-c0="" class="tag-link"&gt;financial&lt;/a&gt;&lt;/li&gt;&lt;li _ngcontent-c0=""&gt;&lt;a _ngcontent-c0="" class="tag-link"&gt;hosting&lt;/a&gt;&lt;/li&gt;&lt;li _ngcontent-c0=""&gt;&lt;a _ngcontent-c0="" class="tag-link"&gt;iot&lt;/a&gt;&lt;/li&gt;&lt;li _ngcontent-c0=""&gt;&lt;a _ngcontent-c0="" class="tag-link"&gt;location&lt;/a&gt;&lt;/li&gt;&lt;li _ngcontent-c0=""&gt;&lt;a _ngcontent-c0="" class="tag-link"&gt;machine learning&lt;/a&gt;&lt;/li&gt;&lt;li _ngcontent-c0=""&gt;&lt;a _ngcontent-c0="" class="tag-link"&gt;marketing&lt;/a&gt;&lt;/li&gt;&lt;li _ngcontent-c0=""&gt;&lt;a _ngcontent-c0="" class="tag-link"&gt;media&lt;/a&gt;&lt;/li&gt;&lt;li _ngcontent-c0=""&gt;&lt;a _ngcontent-c0="" class="tag-link"&gt;messaging&lt;/a&gt;&lt;/li&gt;&lt;li _ngcontent-c0=""&gt;&lt;a _ngcontent-c0="" class="tag-link"&gt;monitoring&lt;/a&gt;&lt;/li&gt;&lt;li _ngcontent-c0=""&gt;&lt;a _ngcontent-c0="" class="tag-link"&gt;open data&lt;/a&gt;&lt;/li&gt;&lt;li _ngcontent-c0=""&gt;&lt;a _ngcontent-c0="" class="tag-link"&gt;payment&lt;/a&gt;&lt;/li&gt;&lt;li _ngcontent-c0=""&gt;&lt;a _ngcontent-c0="" class="tag-link"&gt;project management&lt;/a&gt;&lt;/li&gt;&lt;li _ngcontent-c0=""&gt;&lt;a _ngcontent-c0="" class="tag-link"&gt;search&lt;/a&gt;&lt;/li&gt;&lt;li _ngcontent-c0=""&gt;&lt;a _ngcontent-c0="" class="tag-link"&gt;security&lt;/a&gt;&lt;/li&gt;&lt;li _ngcontent-c0=""&gt;&lt;a _ngcontent-c0="" class="tag-link"&gt;social&lt;/a&gt;&lt;/li&gt;&lt;li _ngcontent-c0=""&gt;&lt;a _ngcontent-c0="" class="tag-link"&gt;storage&lt;/a&gt;&lt;/li&gt;&lt;li _ngcontent-c0=""&gt;&lt;a _ngcontent-c0="" class="tag-link"&gt;support&lt;/a&gt;&lt;/li&gt;&lt;li _ngcontent-c0=""&gt;&lt;a _ngcontent-c0="" class="tag-link"&gt;telecom&lt;/a&gt;&lt;/li&gt;&lt;li _ngcontent-c0=""&gt;&lt;a _ngcontent-c0="" class="tag-link"&gt;text&lt;/a&gt;&lt;/li&gt;&lt;li _ngcontent-c0=""&gt;&lt;a _ngcontent-c0="" class="tag-link"&gt;time management&lt;/a&gt;&lt;/li&gt;&lt;li _ngcontent-c0=""&gt;&lt;a _ngcontent-c0="" class="tag-link"&gt;tools&lt;/a&gt;&lt;/li&gt;&lt;li _ngcontent-c0=""&gt;&lt;a _ngcontent-c0="" class="tag-link"&gt;transport&lt;/a&gt;&lt;/li&gt;&lt;/ul&gt;&lt;/div&gt;&lt;/div&gt;&lt;div _ngcontent-c0="" class="col-xs-12 col-sm-9"&gt;&lt;div _ngcontent-c0="" class="alert alert-warning" hidden=""&gt;No items found.&lt;/div&gt;&lt;virtual-scroller _ngcontent-c0="" class="row vertical selfScroll" _nghost-c1=""&gt;
    &lt;div _ngcontent-c1="" class="total-padding"&gt;&lt;/div&gt;
    &lt;div _ngcontent-c1="" class="scrollable-content"&gt;
	
	&lt;!-- row 1 start--&gt;
	&lt;div _ngcontent-c0="" class="box-col col-xs-12 col-sm-6 col-md-4 col-lg-3"&gt;&lt;!----&gt;&lt;!----&gt;&lt;div _ngcontent-c0="" class="panel panel-default fill-link-container icon-center"&gt;&lt;!----&gt;&lt;!----&gt;&lt;!----&gt;&lt;!----&gt;&lt;a _ngcontent-c0="" class="fill-link" href="https://www.weatherstack.com?utm_source=any-api&amp;utm_medium=OwnedSites" attr="https://www.weatherstack.com?utm_source=any-api&amp;utm_medium=OwnedSites"&gt;&lt;/a&gt;&lt;div _ngcontent-c0="" class="panel-heading"&gt;&lt;div _ngcontent-c0="" class="heading-icon text-center" style="background-color:transparent;"&gt;&lt;!----&gt;&lt;!----&gt;&lt;img _ngcontent-c0="" src="/logos/oxforddictionaries_com.jpeg"&gt;&lt;/div&gt;&lt;div _ngcontent-c0="" class="heading-title text-left"&gt;&lt;span _ngcontent-c0=""&gt;Weatherstack&lt;/span&gt;&lt;/div&gt;&lt;hr _ngcontent-c0="" class="heading-underline"&gt;&lt;/div&gt;&lt;div _ngcontent-c0="" class="panel-body text-left"&gt;&lt;!----&gt;&lt;div _ngcontent-c0=""&gt;&lt;p _ngcontent-c0=""&gt;Instant, accurate weather information for any locati... (set the log level to DEBUG or TRACE to see the full content) 
 </msg>
<msg timestamp="20220120 15:25:44.779" level="INFO">${response} = &lt;Response [200]&gt;</msg>
<status status="PASS" starttime="20220120 15:25:44.406" endtime="20220120 15:25:44.780"></status>
</kw>
<kw name="Should Be Equal As Integers" library="BuiltIn">
<doc>Fails if objects are unequal after converting them to integers.</doc>
<arguments>
<arg>${response.status_code}</arg>
<arg>200</arg>
<arg>This link is active</arg>
</arguments>
<msg timestamp="20220120 15:25:44.780" level="INFO">Argument types are:
&lt;class 'int'&gt;
&lt;type 'unicode'&gt;</msg>
<status status="PASS" starttime="20220120 15:25:44.780" endtime="20220120 15:25:44.781"></status>
</kw>
<status status="PASS" starttime="20220120 15:25:43.630" endtime="20220120 15:25:44.781"></status>
</kw>
<kw name="${item} = &lt;selenium.webdriver.remote.webelement.WebElement (session=&quot;5fe18e17a82fa5ba022c5cc98a3d653d&quot;, element=&quot;ac53c9c6-26b1-44a7-89fe-0dec45cee0ef&quot;)&gt;" type="foritem">
<kw name="Click Element" library="SeleniumLibrary">
<doc>Click element identified by ``locator``.</doc>
<arguments>
<arg>${item}</arg>
</arguments>
<msg timestamp="20220120 15:25:44.782" level="INFO">Clicking element '&lt;selenium.webdriver.remote.webelement.WebElement (session="5fe18e17a82fa5ba022c5cc98a3d653d", element="ac53c9c6-26b1-44a7-89fe-0dec45cee0ef")&gt;'.</msg>
<status status="PASS" starttime="20220120 15:25:44.781" endtime="20220120 15:25:45.599"></status>
</kw>
<kw name="Get Location" library="SeleniumLibrary">
<doc>Returns the current browser URL.</doc>
<assign>
<var>${location}</var>
</assign>
<msg timestamp="20220120 15:25:45.605" level="INFO">${location} = https://any-api.com/?tag=backend</msg>
<status status="PASS" starttime="20220120 15:25:45.599" endtime="20220120 15:25:45.605"></status>
</kw>
<kw name="GET" library="RequestsLibrary">
<doc>Sends a GET request.</doc>
<arguments>
<arg>${location}</arg>
<arg>timeout=10</arg>
</arguments>
<assign>
<var>${response}</var>
</assign>
<msg timestamp="20220120 15:25:46.503" level="INFO">GET Request : url=https://any-api.com/?tag=backend 
 path_url=/?tag=backend 
 headers={'User-Agent': 'python-requests/2.27.1', 'Accept-Encoding': 'gzip, deflate', 'Accept': '*/*', 'Connection': 'keep-alive'} 
 body=None 
 </msg>
<msg timestamp="20220120 15:25:46.504" level="INFO">GET Response : url=https://any-api.com/?tag=backend 
 status=200, reason=OK 
 headers={'Date': 'Thu, 20 Jan 2022 08:25:46 GMT', 'Content-Type': 'text/html; charset=UTF-8', 'Transfer-Encoding': 'chunked', 'Connection': 'keep-alive', 'x-powered-by': 'Express', 'cache-control': 'public, max-age=0', 'last-modified': 'Wed, 12 May 2021 10:51:49 GMT', 'vary': 'Accept-Encoding', 'CF-Cache-Status': 'DYNAMIC', 'Expect-CT': 'max-age=604800, report-uri="https://report-uri.cloudflare.com/cdn-cgi/beacon/expect-ct"', 'Report-To': '{"endpoints":[{"url":"https:\\/\\/a.nel.cloudflare.com\\/report\\/v3?s=KsR%2B8paQQdF1e%2F6JhBXARbR14bOTjy%2FqDLIjZLyuukZHuwoz9wUrmGXWsNyZL1y4VA0FNzV2nKrxmxgKY5GrQVg5XNy%2BetVngoRNKx%2BukuYOLTqtZsrW%2BS4%2BVSj8ZiOm4VhwePVUyVuVaQ%3D%3D"}],"group":"cf-nel","max_age":604800}', 'NEL': '{"success_fraction":0,"report_to":"cf-nel","max_age":604800}', 'Server': 'cloudflare', 'CF-RAY': '6d06e9fe1af04a3b-SIN', 'Content-Encoding': 'gzip', 'alt-svc': 'h3=":443"; ma=86400, h3-29=":443"; ma=86400'} 
 body=&lt;!DOCTYPE html&gt;&lt;html&gt;&lt;head&gt;
    &lt;title&gt;AnyAPI&lt;/title&gt;
    &lt;base href="/"&gt;
    &lt;link rel="icon" href="assets/favicon.png"&gt;
    &lt;meta http-equiv="Content-Type" content="text/html;charset=utf-8"&gt;
    &lt;meta content="width=device-width, initial-scale=1, minimum-scale=1.0, user-scalable=no" name="viewport"&gt;
    
	&lt;script async src="https://www.googletagmanager.com/gtag/js?id=G-D0MG0ZJ1KC"&gt;&lt;/script&gt;
	&lt;script&gt;
	  window.dataLayer = window.dataLayer || [];
	  function gtag(){dataLayer.push(arguments);}
	  gtag('js', new Date());

	  gtag('config', 'G-D0MG0ZJ1KC');
	&lt;/script&gt;

    &lt;script type="text/javascript"&gt;
      window.lucybot = {};
      function checkBooleanQueryParam(name) {
        return !!window.location.href.substring(window.location.href.indexOf('?')).match(new RegExp('[?&amp;]' + name + '=[^0f]'));
      }
      window.lucybot.openapi = {};
      window.lucybot.prerender = checkBooleanQueryParam('prerender');
      window.lucybot.embed = checkBooleanQueryParam('embed');
      window.lucybot.showNavigation = checkBooleanQueryParam('showNavigation');
    &lt;/script&gt;

  &lt;link href="styles.bundle.css" rel="stylesheet"&gt;&lt;style ng-transition="lucybot-doc-app"&gt;virtual-scroller[_ngcontent-c0] {
        height: 1500px;
      }&lt;/style&gt;&lt;meta name="title" content="AnyAPI"&gt;&lt;meta name="description" content="Documentation and Test Consoles for over 1400 Public APIs"&gt;&lt;meta name="keywords" content=""&gt;&lt;style ng-transition="lucybot-doc-app"&gt;[_nghost-c1] {
      position: relative;
	  display: block;
      -webkit-overflow-scrolling: touch;
    }
	
	.horizontal.selfScroll[_nghost-c1] {
      overflow-y: visible;
      overflow-x: auto;
	}
	.vertical.selfScroll[_nghost-c1] {
      overflow-y: auto;
      overflow-x: visible;
	}
	
    .scrollable-content[_ngcontent-c1] {
      top: 0;
      left: 0;
      width: 100%;
      height: 100%;
      max-width: 100vw;
      max-height: 100vh;
      position: absolute;
    }

	.scrollable-content[_ngcontent-c1]     &gt; * {
		box-sizing: border-box;
	}
	
	.horizontal[_nghost-c1] {
		white-space: nowrap;
	}
	
	.horizontal[_nghost-c1]   .scrollable-content[_ngcontent-c1] {
		display: flex;
	}
	
	.horizontal[_nghost-c1]   .scrollable-content[_ngcontent-c1]     &gt; * {
		flex-shrink: 0;
		flex-grow: 0;
		white-space: initial;
	}
	
    .total-padding[_ngcontent-c1] {
      width: 1px;
      opacity: 0;
    }
    
    .horizontal[_nghost-c1]   .total-padding[_ngcontent-c1] {
      height: 100%;
    }&lt;/style&gt;&lt;/head&gt;

  &lt;body&gt;
    &lt;div id="Navbar"&gt;&lt;nav class="navbar navbar-inverse"&gt;
  &lt;div class="container-fluid"&gt;
    &lt;div class="navbar-header"&gt;
      &lt;button type="button" class="navbar-toggle collapsed" data-toggle="collapse" data-target="#NavbarCollapse" aria-expanded="false"&gt;
        &lt;span class="sr-only"&gt;Toggle navigation&lt;/span&gt;
        &lt;span class="icon-bar"&gt;&lt;/span&gt;
        &lt;span class="icon-bar"&gt;&lt;/span&gt;
        &lt;span class="icon-bar"&gt;&lt;/span&gt;
      &lt;/button&gt;
      &lt;a href="/" class="navbar-brand"&gt;
        &lt;span&gt;Any&lt;/span&gt;
        &lt;i class="fa fa-bolt"&gt;&lt;/i&gt;
        &lt;span&gt;API&lt;/span&gt;
        &lt;span id="AnyAPITitle"&gt;&lt;/span&gt;
      &lt;/a&gt;
	  &lt;img src="https://apilayer.com/images/apilayer-logo.svg" style="position: absolute;
    left: 120px;
    top: 11px;width:110px"&gt;
    &lt;/div&gt;
    &lt;div id="NavbarCollapse" class="collapse navbar-collapse"&gt;
      &lt;ul class="nav navbar-nav navbar-right"&gt;
        &lt;li&gt;
          &lt;a href="http://apilayer.com" target="_blank"&gt;Get Your Free API Key&lt;/a&gt;
        &lt;/li&gt;
      &lt;/ul&gt;
      &lt;form class="navbar-form navbar-right" onsubmit="return onSubmitAnyAPISearch()" action="/" method="get"&gt;
        &lt;div class="form-group"&gt;
          &lt;div class="input-group input-group-sm"&gt;
            &lt;input type="text" class="form-control" name="query" placeholder="Search APIs" id="AnyAPISearch"&gt;
            &lt;div class="input-group-btn"&gt;
              &lt;button type="submit" class="btn"&gt;
                &lt;i class="fa fa-search"&gt;&lt;/i&gt;
              &lt;/button&gt;
            
          &lt;/div&gt;
        &lt;/div&gt;
        &lt;button type="submit" class="btn btn-default hidden"&gt;Submit&lt;/button&gt;
      
    &lt;/div&gt;&lt;/form&gt;
  &lt;/div&gt;
&lt;/div&gt;&lt;/nav&gt;
&lt;/div&gt;

    &lt;app class="loading" ng-version="5.2.9"&gt;
      &lt;router-outlet&gt;&lt;/router-outlet&gt;&lt;gallery _nghost-c0=""&gt;&lt;!----&gt;&lt;div _ngcontent-c0="" class="container-fluid main-container" id="Gallery"&gt;&lt;div _ngcontent-c0="" class="row"&gt;&lt;div _ngcontent-c0="" class="col-xs-12 col-sm-9"&gt;&lt;h1 _ngcontent-c0="" class="breadcrumbs"&gt;&lt;!----&gt;&lt;span _ngcontent-c0=""&gt;API Gallery&lt;/span&gt;&lt;!----&gt;&lt;!----&gt;&lt;/h1&gt;&lt;/div&gt;&lt;div _ngcontent-c0="" class="hidden-xs col-sm-3"&gt;&lt;h3 _ngcontent-c0=""&gt;&lt;div _ngcontent-c0="" class="input-group input-group-sm"&gt;&lt;input _ngcontent-c0="" class="form-control ng-untouched ng-pristine ng-valid" type="text" value=""&gt;&lt;span _ngcontent-c0="" class="input-group-btn"&gt;&lt;!----&gt;&lt;a _ngcontent-c0="" class="btn btn-default"&gt;&lt;span _ngcontent-c0=""&gt;&amp;nbsp;&lt;/span&gt;&lt;i _ngcontent-c0="" class="fa fa-search"&gt;&lt;/i&gt;&lt;span _ngcontent-c0=""&gt;&amp;nbsp;&lt;/span&gt;&lt;/a&gt;&lt;!----&gt;&lt;/span&gt;&lt;/div&gt;&lt;/h3&gt;&lt;/div&gt;&lt;/div&gt;&lt;div _ngcontent-c0="" class="intro" innerhtml="&lt;h1&gt;Any &lt;i class=&amp;quot;fa fa-bolt&amp;quot;&gt;&lt;/i&gt; API&lt;/h1&gt;&amp;amp;#10;&lt;h4&gt;Documentation and Test Consoles for Over 1400 Public APIs&lt;/h4&gt;&amp;amp;#10;&lt;p&gt;Powered by &lt;a href=&amp;quot;http://lucybot.com&amp;quot;&gt;LucyBot&lt;/a&gt; and &lt;a href=&amp;quot;http://apis.guru&amp;quot;&gt;APIs Guru&lt;/a&gt;&lt;/p&gt;&amp;amp;#10;"&gt;&lt;h1&gt;Any &lt;i class="fa fa-bolt"&gt;&lt;/i&gt; API&lt;/h1&gt;
&lt;h4&gt;Documentation and Test Consoles for Over 1400 Public APIs&lt;/h4&gt;
&lt;p&gt;Powered by &lt;a href="http://apilayer.com"&gt;apilayer&lt;/a&gt;, &lt;a href="http://lucybot.com"&gt;LucyBot&lt;/a&gt; and &lt;a href="http://apis.guru"&gt;APIs Guru&lt;/a&gt;&lt;/p&gt;
&lt;/div&gt;&lt;div _ngcontent-c0="" class="row"&gt;&lt;!----&gt;&lt;div _ngcontent-c0="" class="col-xs-12 col-sm-3"&gt;&lt;div _ngcontent-c0="" class="text-center visible-xs show-tags-button"&gt;&lt;a _ngcontent-c0="" class="btn btn-default"&gt;&lt;!----&gt;&lt;!----&gt;&lt;span _ngcontent-c0=""&gt;&lt;span _ngcontent-c0=""&gt;Show Tags&lt;/span&gt;&lt;i _ngcontent-c0="" class="fa fa-right fa-caret-down"&gt;&lt;/i&gt;&lt;/span&gt;&lt;/a&gt;&lt;/div&gt;&lt;div _ngcontent-c0="" class="well tags hidden-xs"&gt;&lt;ul _ngcontent-c0="" class="nav nav-pills nav-stacked text-uppercase"&gt;&lt;li _ngcontent-c0="" class="active"&gt;&lt;a _ngcontent-c0="" class="tag-link"&gt;All&lt;/a&gt;&lt;/li&gt;&lt;!----&gt;&lt;li _ngcontent-c0=""&gt;&lt;a _ngcontent-c0="" class="tag-link"&gt;analytics&lt;/a&gt;&lt;/li&gt;&lt;li _ngcontent-c0=""&gt;&lt;a _ngcontent-c0="" class="tag-link"&gt;backend&lt;/a&gt;&lt;/li&gt;&lt;li _ngcontent-c0=""&gt;&lt;a _ngcontent-c0="" class="tag-link"&gt;cloud&lt;/a&gt;&lt;/li&gt;&lt;li _ngcontent-c0=""&gt;&lt;a _ngcontent-c0="" class="tag-link"&gt;collaboration&lt;/a&gt;&lt;/li&gt;&lt;li _ngcontent-c0=""&gt;&lt;a _ngcontent-c0="" class="tag-link"&gt;customer relation&lt;/a&gt;&lt;/li&gt;&lt;li _ngcontent-c0=""&gt;&lt;a _ngcontent-c0="" class="tag-link"&gt;developer tools&lt;/a&gt;&lt;/li&gt;&lt;li _ngcontent-c0=""&gt;&lt;a _ngcontent-c0="" class="tag-link"&gt;ecommerce&lt;/a&gt;&lt;/li&gt;&lt;li _ngcontent-c0=""&gt;&lt;a _ngcontent-c0="" class="tag-link"&gt;education&lt;/a&gt;&lt;/li&gt;&lt;li _ngcontent-c0=""&gt;&lt;a _ngcontent-c0="" class="tag-link"&gt;email&lt;/a&gt;&lt;/li&gt;&lt;li _ngcontent-c0=""&gt;&lt;a _ngcontent-c0="" class="tag-link"&gt;enterprise&lt;/a&gt;&lt;/li&gt;&lt;li _ngcontent-c0=""&gt;&lt;a _ngcontent-c0="" class="tag-link"&gt;entertainment&lt;/a&gt;&lt;/li&gt;&lt;li _ngcontent-c0=""&gt;&lt;a _ngcontent-c0="" class="tag-link"&gt;Featured APIs&lt;/a&gt;&lt;/li&gt;&lt;li _ngcontent-c0=""&gt;&lt;a _ngcontent-c0="" class="tag-link"&gt;financial&lt;/a&gt;&lt;/li&gt;&lt;li _ngcontent-c0=""&gt;&lt;a _ngcontent-c0="" class="tag-link"&gt;hosting&lt;/a&gt;&lt;/li&gt;&lt;li _ngcontent-c0=""&gt;&lt;a _ngcontent-c0="" class="tag-link"&gt;iot&lt;/a&gt;&lt;/li&gt;&lt;li _ngcontent-c0=""&gt;&lt;a _ngcontent-c0="" class="tag-link"&gt;location&lt;/a&gt;&lt;/li&gt;&lt;li _ngcontent-c0=""&gt;&lt;a _ngcontent-c0="" class="tag-link"&gt;machine learning&lt;/a&gt;&lt;/li&gt;&lt;li _ngcontent-c0=""&gt;&lt;a _ngcontent-c0="" class="tag-link"&gt;marketing&lt;/a&gt;&lt;/li&gt;&lt;li _ngcontent-c0=""&gt;&lt;a _ngcontent-c0="" class="tag-link"&gt;media&lt;/a&gt;&lt;/li&gt;&lt;li _ngcontent-c0=""&gt;&lt;a _ngcontent-c0="" class="tag-link"&gt;messaging&lt;/a&gt;&lt;/li&gt;&lt;li _ngcontent-c0=""&gt;&lt;a _ngcontent-c0="" class="tag-link"&gt;monitoring&lt;/a&gt;&lt;/li&gt;&lt;li _ngcontent-c0=""&gt;&lt;a _ngcontent-c0="" class="tag-link"&gt;open data&lt;/a&gt;&lt;/li&gt;&lt;li _ngcontent-c0=""&gt;&lt;a _ngcontent-c0="" class="tag-link"&gt;payment&lt;/a&gt;&lt;/li&gt;&lt;li _ngcontent-c0=""&gt;&lt;a _ngcontent-c0="" class="tag-link"&gt;project management&lt;/a&gt;&lt;/li&gt;&lt;li _ngcontent-c0=""&gt;&lt;a _ngcontent-c0="" class="tag-link"&gt;search&lt;/a&gt;&lt;/li&gt;&lt;li _ngcontent-c0=""&gt;&lt;a _ngcontent-c0="" class="tag-link"&gt;security&lt;/a&gt;&lt;/li&gt;&lt;li _ngcontent-c0=""&gt;&lt;a _ngcontent-c0="" class="tag-link"&gt;social&lt;/a&gt;&lt;/li&gt;&lt;li _ngcontent-c0=""&gt;&lt;a _ngcontent-c0="" class="tag-link"&gt;storage&lt;/a&gt;&lt;/li&gt;&lt;li _ngcontent-c0=""&gt;&lt;a _ngcontent-c0="" class="tag-link"&gt;support&lt;/a&gt;&lt;/li&gt;&lt;li _ngcontent-c0=""&gt;&lt;a _ngcontent-c0="" class="tag-link"&gt;telecom&lt;/a&gt;&lt;/li&gt;&lt;li _ngcontent-c0=""&gt;&lt;a _ngcontent-c0="" class="tag-link"&gt;text&lt;/a&gt;&lt;/li&gt;&lt;li _ngcontent-c0=""&gt;&lt;a _ngcontent-c0="" class="tag-link"&gt;time management&lt;/a&gt;&lt;/li&gt;&lt;li _ngcontent-c0=""&gt;&lt;a _ngcontent-c0="" class="tag-link"&gt;tools&lt;/a&gt;&lt;/li&gt;&lt;li _ngcontent-c0=""&gt;&lt;a _ngcontent-c0="" class="tag-link"&gt;transport&lt;/a&gt;&lt;/li&gt;&lt;/ul&gt;&lt;/div&gt;&lt;/div&gt;&lt;div _ngcontent-c0="" class="col-xs-12 col-sm-9"&gt;&lt;div _ngcontent-c0="" class="alert alert-warning" hidden=""&gt;No items found.&lt;/div&gt;&lt;virtual-scroller _ngcontent-c0="" class="row vertical selfScroll" _nghost-c1=""&gt;
    &lt;div _ngcontent-c1="" class="total-padding"&gt;&lt;/div&gt;
    &lt;div _ngcontent-c1="" class="scrollable-content"&gt;
	
	&lt;!-- row 1 start--&gt;
	&lt;div _ngcontent-c0="" class="box-col col-xs-12 col-sm-6 col-md-4 col-lg-3"&gt;&lt;!----&gt;&lt;!----&gt;&lt;div _ngcontent-c0="" class="panel panel-default fill-link-container icon-center"&gt;&lt;!----&gt;&lt;!----&gt;&lt;!----&gt;&lt;!----&gt;&lt;a _ngcontent-c0="" class="fill-link" href="https://www.weatherstack.com?utm_source=any-api&amp;utm_medium=OwnedSites" attr="https://www.weatherstack.com?utm_source=any-api&amp;utm_medium=OwnedSites"&gt;&lt;/a&gt;&lt;div _ngcontent-c0="" class="panel-heading"&gt;&lt;div _ngcontent-c0="" class="heading-icon text-center" style="background-color:transparent;"&gt;&lt;!----&gt;&lt;!----&gt;&lt;img _ngcontent-c0="" src="/logos/oxforddictionaries_com.jpeg"&gt;&lt;/div&gt;&lt;div _ngcontent-c0="" class="heading-title text-left"&gt;&lt;span _ngcontent-c0=""&gt;Weatherstack&lt;/span&gt;&lt;/div&gt;&lt;hr _ngcontent-c0="" class="heading-underline"&gt;&lt;/div&gt;&lt;div _ngcontent-c0="" class="panel-body text-left"&gt;&lt;!----&gt;&lt;div _ngcontent-c0=""&gt;&lt;p _ngcontent-c0=""&gt;Instant, accurate weather information for any locati... (set the log level to DEBUG or TRACE to see the full content) 
 </msg>
<msg timestamp="20220120 15:25:46.504" level="INFO">${response} = &lt;Response [200]&gt;</msg>
<status status="PASS" starttime="20220120 15:25:45.605" endtime="20220120 15:25:46.505"></status>
</kw>
<kw name="Should Be Equal As Integers" library="BuiltIn">
<doc>Fails if objects are unequal after converting them to integers.</doc>
<arguments>
<arg>${response.status_code}</arg>
<arg>200</arg>
<arg>This link is active</arg>
</arguments>
<msg timestamp="20220120 15:25:46.505" level="INFO">Argument types are:
&lt;class 'int'&gt;
&lt;type 'unicode'&gt;</msg>
<status status="PASS" starttime="20220120 15:25:46.505" endtime="20220120 15:25:46.505"></status>
</kw>
<status status="PASS" starttime="20220120 15:25:44.781" endtime="20220120 15:25:46.506"></status>
</kw>
<kw name="${item} = &lt;selenium.webdriver.remote.webelement.WebElement (session=&quot;5fe18e17a82fa5ba022c5cc98a3d653d&quot;, element=&quot;bf8dfbd0-1055-4cbd-998a-4cab40605410&quot;)&gt;" type="foritem">
<kw name="Click Element" library="SeleniumLibrary">
<doc>Click element identified by ``locator``.</doc>
<arguments>
<arg>${item}</arg>
</arguments>
<msg timestamp="20220120 15:25:46.506" level="INFO">Clicking element '&lt;selenium.webdriver.remote.webelement.WebElement (session="5fe18e17a82fa5ba022c5cc98a3d653d", element="bf8dfbd0-1055-4cbd-998a-4cab40605410")&gt;'.</msg>
<status status="PASS" starttime="20220120 15:25:46.506" endtime="20220120 15:25:47.295"></status>
</kw>
<kw name="Get Location" library="SeleniumLibrary">
<doc>Returns the current browser URL.</doc>
<assign>
<var>${location}</var>
</assign>
<msg timestamp="20220120 15:25:47.320" level="INFO">${location} = https://any-api.com/?tag=cloud</msg>
<status status="PASS" starttime="20220120 15:25:47.295" endtime="20220120 15:25:47.320"></status>
</kw>
<kw name="GET" library="RequestsLibrary">
<doc>Sends a GET request.</doc>
<arguments>
<arg>${location}</arg>
<arg>timeout=10</arg>
</arguments>
<assign>
<var>${response}</var>
</assign>
<msg timestamp="20220120 15:25:47.707" level="INFO">GET Request : url=https://any-api.com/?tag=cloud 
 path_url=/?tag=cloud 
 headers={'User-Agent': 'python-requests/2.27.1', 'Accept-Encoding': 'gzip, deflate', 'Accept': '*/*', 'Connection': 'keep-alive'} 
 body=None 
 </msg>
<msg timestamp="20220120 15:25:47.707" level="INFO">GET Response : url=https://any-api.com/?tag=cloud 
 status=200, reason=OK 
 headers={'Date': 'Thu, 20 Jan 2022 08:25:47 GMT', 'Content-Type': 'text/html; charset=UTF-8', 'Transfer-Encoding': 'chunked', 'Connection': 'keep-alive', 'x-powered-by': 'Express', 'cache-control': 'public, max-age=0', 'last-modified': 'Wed, 12 May 2021 10:51:49 GMT', 'vary': 'Accept-Encoding', 'CF-Cache-Status': 'DYNAMIC', 'Expect-CT': 'max-age=604800, report-uri="https://report-uri.cloudflare.com/cdn-cgi/beacon/expect-ct"', 'Report-To': '{"endpoints":[{"url":"https:\\/\\/a.nel.cloudflare.com\\/report\\/v3?s=UDnP2J2XNsP4Qq6p1OVNpm%2Fn2J5fcbVOO%2F34QbRl8Oh7ARZ%2F1fvAdUBHQC7tZZ%2F9uEBVakOk3tm3F6XUz6zdGPg6PPh6d8l1Fe85L2sjeB2XVCHTS36Mk%2Fw%2FrBXUqFV0IjU0BfXvofrg3w%3D%3D"}],"group":"cf-nel","max_age":604800}', 'NEL': '{"success_fraction":0,"report_to":"cf-nel","max_age":604800}', 'Server': 'cloudflare', 'CF-RAY': '6d06ea08ec408b60-HKG', 'Content-Encoding': 'gzip', 'alt-svc': 'h3=":443"; ma=86400, h3-29=":443"; ma=86400'} 
 body=&lt;!DOCTYPE html&gt;&lt;html&gt;&lt;head&gt;
    &lt;title&gt;AnyAPI&lt;/title&gt;
    &lt;base href="/"&gt;
    &lt;link rel="icon" href="assets/favicon.png"&gt;
    &lt;meta http-equiv="Content-Type" content="text/html;charset=utf-8"&gt;
    &lt;meta content="width=device-width, initial-scale=1, minimum-scale=1.0, user-scalable=no" name="viewport"&gt;
    
	&lt;script async src="https://www.googletagmanager.com/gtag/js?id=G-D0MG0ZJ1KC"&gt;&lt;/script&gt;
	&lt;script&gt;
	  window.dataLayer = window.dataLayer || [];
	  function gtag(){dataLayer.push(arguments);}
	  gtag('js', new Date());

	  gtag('config', 'G-D0MG0ZJ1KC');
	&lt;/script&gt;

    &lt;script type="text/javascript"&gt;
      window.lucybot = {};
      function checkBooleanQueryParam(name) {
        return !!window.location.href.substring(window.location.href.indexOf('?')).match(new RegExp('[?&amp;]' + name + '=[^0f]'));
      }
      window.lucybot.openapi = {};
      window.lucybot.prerender = checkBooleanQueryParam('prerender');
      window.lucybot.embed = checkBooleanQueryParam('embed');
      window.lucybot.showNavigation = checkBooleanQueryParam('showNavigation');
    &lt;/script&gt;

  &lt;link href="styles.bundle.css" rel="stylesheet"&gt;&lt;style ng-transition="lucybot-doc-app"&gt;virtual-scroller[_ngcontent-c0] {
        height: 1500px;
      }&lt;/style&gt;&lt;meta name="title" content="AnyAPI"&gt;&lt;meta name="description" content="Documentation and Test Consoles for over 1400 Public APIs"&gt;&lt;meta name="keywords" content=""&gt;&lt;style ng-transition="lucybot-doc-app"&gt;[_nghost-c1] {
      position: relative;
	  display: block;
      -webkit-overflow-scrolling: touch;
    }
	
	.horizontal.selfScroll[_nghost-c1] {
      overflow-y: visible;
      overflow-x: auto;
	}
	.vertical.selfScroll[_nghost-c1] {
      overflow-y: auto;
      overflow-x: visible;
	}
	
    .scrollable-content[_ngcontent-c1] {
      top: 0;
      left: 0;
      width: 100%;
      height: 100%;
      max-width: 100vw;
      max-height: 100vh;
      position: absolute;
    }

	.scrollable-content[_ngcontent-c1]     &gt; * {
		box-sizing: border-box;
	}
	
	.horizontal[_nghost-c1] {
		white-space: nowrap;
	}
	
	.horizontal[_nghost-c1]   .scrollable-content[_ngcontent-c1] {
		display: flex;
	}
	
	.horizontal[_nghost-c1]   .scrollable-content[_ngcontent-c1]     &gt; * {
		flex-shrink: 0;
		flex-grow: 0;
		white-space: initial;
	}
	
    .total-padding[_ngcontent-c1] {
      width: 1px;
      opacity: 0;
    }
    
    .horizontal[_nghost-c1]   .total-padding[_ngcontent-c1] {
      height: 100%;
    }&lt;/style&gt;&lt;/head&gt;

  &lt;body&gt;
    &lt;div id="Navbar"&gt;&lt;nav class="navbar navbar-inverse"&gt;
  &lt;div class="container-fluid"&gt;
    &lt;div class="navbar-header"&gt;
      &lt;button type="button" class="navbar-toggle collapsed" data-toggle="collapse" data-target="#NavbarCollapse" aria-expanded="false"&gt;
        &lt;span class="sr-only"&gt;Toggle navigation&lt;/span&gt;
        &lt;span class="icon-bar"&gt;&lt;/span&gt;
        &lt;span class="icon-bar"&gt;&lt;/span&gt;
        &lt;span class="icon-bar"&gt;&lt;/span&gt;
      &lt;/button&gt;
      &lt;a href="/" class="navbar-brand"&gt;
        &lt;span&gt;Any&lt;/span&gt;
        &lt;i class="fa fa-bolt"&gt;&lt;/i&gt;
        &lt;span&gt;API&lt;/span&gt;
        &lt;span id="AnyAPITitle"&gt;&lt;/span&gt;
      &lt;/a&gt;
	  &lt;img src="https://apilayer.com/images/apilayer-logo.svg" style="position: absolute;
    left: 120px;
    top: 11px;width:110px"&gt;
    &lt;/div&gt;
    &lt;div id="NavbarCollapse" class="collapse navbar-collapse"&gt;
      &lt;ul class="nav navbar-nav navbar-right"&gt;
        &lt;li&gt;
          &lt;a href="http://apilayer.com" target="_blank"&gt;Get Your Free API Key&lt;/a&gt;
        &lt;/li&gt;
      &lt;/ul&gt;
      &lt;form class="navbar-form navbar-right" onsubmit="return onSubmitAnyAPISearch()" action="/" method="get"&gt;
        &lt;div class="form-group"&gt;
          &lt;div class="input-group input-group-sm"&gt;
            &lt;input type="text" class="form-control" name="query" placeholder="Search APIs" id="AnyAPISearch"&gt;
            &lt;div class="input-group-btn"&gt;
              &lt;button type="submit" class="btn"&gt;
                &lt;i class="fa fa-search"&gt;&lt;/i&gt;
              &lt;/button&gt;
            
          &lt;/div&gt;
        &lt;/div&gt;
        &lt;button type="submit" class="btn btn-default hidden"&gt;Submit&lt;/button&gt;
      
    &lt;/div&gt;&lt;/form&gt;
  &lt;/div&gt;
&lt;/div&gt;&lt;/nav&gt;
&lt;/div&gt;

    &lt;app class="loading" ng-version="5.2.9"&gt;
      &lt;router-outlet&gt;&lt;/router-outlet&gt;&lt;gallery _nghost-c0=""&gt;&lt;!----&gt;&lt;div _ngcontent-c0="" class="container-fluid main-container" id="Gallery"&gt;&lt;div _ngcontent-c0="" class="row"&gt;&lt;div _ngcontent-c0="" class="col-xs-12 col-sm-9"&gt;&lt;h1 _ngcontent-c0="" class="breadcrumbs"&gt;&lt;!----&gt;&lt;span _ngcontent-c0=""&gt;API Gallery&lt;/span&gt;&lt;!----&gt;&lt;!----&gt;&lt;/h1&gt;&lt;/div&gt;&lt;div _ngcontent-c0="" class="hidden-xs col-sm-3"&gt;&lt;h3 _ngcontent-c0=""&gt;&lt;div _ngcontent-c0="" class="input-group input-group-sm"&gt;&lt;input _ngcontent-c0="" class="form-control ng-untouched ng-pristine ng-valid" type="text" value=""&gt;&lt;span _ngcontent-c0="" class="input-group-btn"&gt;&lt;!----&gt;&lt;a _ngcontent-c0="" class="btn btn-default"&gt;&lt;span _ngcontent-c0=""&gt;&amp;nbsp;&lt;/span&gt;&lt;i _ngcontent-c0="" class="fa fa-search"&gt;&lt;/i&gt;&lt;span _ngcontent-c0=""&gt;&amp;nbsp;&lt;/span&gt;&lt;/a&gt;&lt;!----&gt;&lt;/span&gt;&lt;/div&gt;&lt;/h3&gt;&lt;/div&gt;&lt;/div&gt;&lt;div _ngcontent-c0="" class="intro" innerhtml="&lt;h1&gt;Any &lt;i class=&amp;quot;fa fa-bolt&amp;quot;&gt;&lt;/i&gt; API&lt;/h1&gt;&amp;amp;#10;&lt;h4&gt;Documentation and Test Consoles for Over 1400 Public APIs&lt;/h4&gt;&amp;amp;#10;&lt;p&gt;Powered by &lt;a href=&amp;quot;http://lucybot.com&amp;quot;&gt;LucyBot&lt;/a&gt; and &lt;a href=&amp;quot;http://apis.guru&amp;quot;&gt;APIs Guru&lt;/a&gt;&lt;/p&gt;&amp;amp;#10;"&gt;&lt;h1&gt;Any &lt;i class="fa fa-bolt"&gt;&lt;/i&gt; API&lt;/h1&gt;
&lt;h4&gt;Documentation and Test Consoles for Over 1400 Public APIs&lt;/h4&gt;
&lt;p&gt;Powered by &lt;a href="http://apilayer.com"&gt;apilayer&lt;/a&gt;, &lt;a href="http://lucybot.com"&gt;LucyBot&lt;/a&gt; and &lt;a href="http://apis.guru"&gt;APIs Guru&lt;/a&gt;&lt;/p&gt;
&lt;/div&gt;&lt;div _ngcontent-c0="" class="row"&gt;&lt;!----&gt;&lt;div _ngcontent-c0="" class="col-xs-12 col-sm-3"&gt;&lt;div _ngcontent-c0="" class="text-center visible-xs show-tags-button"&gt;&lt;a _ngcontent-c0="" class="btn btn-default"&gt;&lt;!----&gt;&lt;!----&gt;&lt;span _ngcontent-c0=""&gt;&lt;span _ngcontent-c0=""&gt;Show Tags&lt;/span&gt;&lt;i _ngcontent-c0="" class="fa fa-right fa-caret-down"&gt;&lt;/i&gt;&lt;/span&gt;&lt;/a&gt;&lt;/div&gt;&lt;div _ngcontent-c0="" class="well tags hidden-xs"&gt;&lt;ul _ngcontent-c0="" class="nav nav-pills nav-stacked text-uppercase"&gt;&lt;li _ngcontent-c0="" class="active"&gt;&lt;a _ngcontent-c0="" class="tag-link"&gt;All&lt;/a&gt;&lt;/li&gt;&lt;!----&gt;&lt;li _ngcontent-c0=""&gt;&lt;a _ngcontent-c0="" class="tag-link"&gt;analytics&lt;/a&gt;&lt;/li&gt;&lt;li _ngcontent-c0=""&gt;&lt;a _ngcontent-c0="" class="tag-link"&gt;backend&lt;/a&gt;&lt;/li&gt;&lt;li _ngcontent-c0=""&gt;&lt;a _ngcontent-c0="" class="tag-link"&gt;cloud&lt;/a&gt;&lt;/li&gt;&lt;li _ngcontent-c0=""&gt;&lt;a _ngcontent-c0="" class="tag-link"&gt;collaboration&lt;/a&gt;&lt;/li&gt;&lt;li _ngcontent-c0=""&gt;&lt;a _ngcontent-c0="" class="tag-link"&gt;customer relation&lt;/a&gt;&lt;/li&gt;&lt;li _ngcontent-c0=""&gt;&lt;a _ngcontent-c0="" class="tag-link"&gt;developer tools&lt;/a&gt;&lt;/li&gt;&lt;li _ngcontent-c0=""&gt;&lt;a _ngcontent-c0="" class="tag-link"&gt;ecommerce&lt;/a&gt;&lt;/li&gt;&lt;li _ngcontent-c0=""&gt;&lt;a _ngcontent-c0="" class="tag-link"&gt;education&lt;/a&gt;&lt;/li&gt;&lt;li _ngcontent-c0=""&gt;&lt;a _ngcontent-c0="" class="tag-link"&gt;email&lt;/a&gt;&lt;/li&gt;&lt;li _ngcontent-c0=""&gt;&lt;a _ngcontent-c0="" class="tag-link"&gt;enterprise&lt;/a&gt;&lt;/li&gt;&lt;li _ngcontent-c0=""&gt;&lt;a _ngcontent-c0="" class="tag-link"&gt;entertainment&lt;/a&gt;&lt;/li&gt;&lt;li _ngcontent-c0=""&gt;&lt;a _ngcontent-c0="" class="tag-link"&gt;Featured APIs&lt;/a&gt;&lt;/li&gt;&lt;li _ngcontent-c0=""&gt;&lt;a _ngcontent-c0="" class="tag-link"&gt;financial&lt;/a&gt;&lt;/li&gt;&lt;li _ngcontent-c0=""&gt;&lt;a _ngcontent-c0="" class="tag-link"&gt;hosting&lt;/a&gt;&lt;/li&gt;&lt;li _ngcontent-c0=""&gt;&lt;a _ngcontent-c0="" class="tag-link"&gt;iot&lt;/a&gt;&lt;/li&gt;&lt;li _ngcontent-c0=""&gt;&lt;a _ngcontent-c0="" class="tag-link"&gt;location&lt;/a&gt;&lt;/li&gt;&lt;li _ngcontent-c0=""&gt;&lt;a _ngcontent-c0="" class="tag-link"&gt;machine learning&lt;/a&gt;&lt;/li&gt;&lt;li _ngcontent-c0=""&gt;&lt;a _ngcontent-c0="" class="tag-link"&gt;marketing&lt;/a&gt;&lt;/li&gt;&lt;li _ngcontent-c0=""&gt;&lt;a _ngcontent-c0="" class="tag-link"&gt;media&lt;/a&gt;&lt;/li&gt;&lt;li _ngcontent-c0=""&gt;&lt;a _ngcontent-c0="" class="tag-link"&gt;messaging&lt;/a&gt;&lt;/li&gt;&lt;li _ngcontent-c0=""&gt;&lt;a _ngcontent-c0="" class="tag-link"&gt;monitoring&lt;/a&gt;&lt;/li&gt;&lt;li _ngcontent-c0=""&gt;&lt;a _ngcontent-c0="" class="tag-link"&gt;open data&lt;/a&gt;&lt;/li&gt;&lt;li _ngcontent-c0=""&gt;&lt;a _ngcontent-c0="" class="tag-link"&gt;payment&lt;/a&gt;&lt;/li&gt;&lt;li _ngcontent-c0=""&gt;&lt;a _ngcontent-c0="" class="tag-link"&gt;project management&lt;/a&gt;&lt;/li&gt;&lt;li _ngcontent-c0=""&gt;&lt;a _ngcontent-c0="" class="tag-link"&gt;search&lt;/a&gt;&lt;/li&gt;&lt;li _ngcontent-c0=""&gt;&lt;a _ngcontent-c0="" class="tag-link"&gt;security&lt;/a&gt;&lt;/li&gt;&lt;li _ngcontent-c0=""&gt;&lt;a _ngcontent-c0="" class="tag-link"&gt;social&lt;/a&gt;&lt;/li&gt;&lt;li _ngcontent-c0=""&gt;&lt;a _ngcontent-c0="" class="tag-link"&gt;storage&lt;/a&gt;&lt;/li&gt;&lt;li _ngcontent-c0=""&gt;&lt;a _ngcontent-c0="" class="tag-link"&gt;support&lt;/a&gt;&lt;/li&gt;&lt;li _ngcontent-c0=""&gt;&lt;a _ngcontent-c0="" class="tag-link"&gt;telecom&lt;/a&gt;&lt;/li&gt;&lt;li _ngcontent-c0=""&gt;&lt;a _ngcontent-c0="" class="tag-link"&gt;text&lt;/a&gt;&lt;/li&gt;&lt;li _ngcontent-c0=""&gt;&lt;a _ngcontent-c0="" class="tag-link"&gt;time management&lt;/a&gt;&lt;/li&gt;&lt;li _ngcontent-c0=""&gt;&lt;a _ngcontent-c0="" class="tag-link"&gt;tools&lt;/a&gt;&lt;/li&gt;&lt;li _ngcontent-c0=""&gt;&lt;a _ngcontent-c0="" class="tag-link"&gt;transport&lt;/a&gt;&lt;/li&gt;&lt;/ul&gt;&lt;/div&gt;&lt;/div&gt;&lt;div _ngcontent-c0="" class="col-xs-12 col-sm-9"&gt;&lt;div _ngcontent-c0="" class="alert alert-warning" hidden=""&gt;No items found.&lt;/div&gt;&lt;virtual-scroller _ngcontent-c0="" class="row vertical selfScroll" _nghost-c1=""&gt;
    &lt;div _ngcontent-c1="" class="total-padding"&gt;&lt;/div&gt;
    &lt;div _ngcontent-c1="" class="scrollable-content"&gt;
	
	&lt;!-- row 1 start--&gt;
	&lt;div _ngcontent-c0="" class="box-col col-xs-12 col-sm-6 col-md-4 col-lg-3"&gt;&lt;!----&gt;&lt;!----&gt;&lt;div _ngcontent-c0="" class="panel panel-default fill-link-container icon-center"&gt;&lt;!----&gt;&lt;!----&gt;&lt;!----&gt;&lt;!----&gt;&lt;a _ngcontent-c0="" class="fill-link" href="https://www.weatherstack.com?utm_source=any-api&amp;utm_medium=OwnedSites" attr="https://www.weatherstack.com?utm_source=any-api&amp;utm_medium=OwnedSites"&gt;&lt;/a&gt;&lt;div _ngcontent-c0="" class="panel-heading"&gt;&lt;div _ngcontent-c0="" class="heading-icon text-center" style="background-color:transparent;"&gt;&lt;!----&gt;&lt;!----&gt;&lt;img _ngcontent-c0="" src="/logos/oxforddictionaries_com.jpeg"&gt;&lt;/div&gt;&lt;div _ngcontent-c0="" class="heading-title text-left"&gt;&lt;span _ngcontent-c0=""&gt;Weatherstack&lt;/span&gt;&lt;/div&gt;&lt;hr _ngcontent-c0="" class="heading-underline"&gt;&lt;/div&gt;&lt;div _ngcontent-c0="" class="panel-body text-left"&gt;&lt;!----&gt;&lt;div _ngcontent-c0=""&gt;&lt;p _ngcontent-c0=""&gt;Instant, accurate weather information for any locati... (set the log level to DEBUG or TRACE to see the full content) 
 </msg>
<msg timestamp="20220120 15:25:47.707" level="INFO">${response} = &lt;Response [200]&gt;</msg>
<status status="PASS" starttime="20220120 15:25:47.321" endtime="20220120 15:25:47.707"></status>
</kw>
<kw name="Should Be Equal As Integers" library="BuiltIn">
<doc>Fails if objects are unequal after converting them to integers.</doc>
<arguments>
<arg>${response.status_code}</arg>
<arg>200</arg>
<arg>This link is active</arg>
</arguments>
<msg timestamp="20220120 15:25:47.708" level="INFO">Argument types are:
&lt;class 'int'&gt;
&lt;type 'unicode'&gt;</msg>
<status status="PASS" starttime="20220120 15:25:47.708" endtime="20220120 15:25:47.708"></status>
</kw>
<status status="PASS" starttime="20220120 15:25:46.506" endtime="20220120 15:25:47.708"></status>
</kw>
<kw name="${item} = &lt;selenium.webdriver.remote.webelement.WebElement (session=&quot;5fe18e17a82fa5ba022c5cc98a3d653d&quot;, element=&quot;14185973-ec15-4cc7-8b09-a8535a63bc8e&quot;)&gt;" type="foritem">
<kw name="Click Element" library="SeleniumLibrary">
<doc>Click element identified by ``locator``.</doc>
<arguments>
<arg>${item}</arg>
</arguments>
<msg timestamp="20220120 15:25:47.709" level="INFO">Clicking element '&lt;selenium.webdriver.remote.webelement.WebElement (session="5fe18e17a82fa5ba022c5cc98a3d653d", element="14185973-ec15-4cc7-8b09-a8535a63bc8e")&gt;'.</msg>
<status status="PASS" starttime="20220120 15:25:47.709" endtime="20220120 15:25:48.593"></status>
</kw>
<kw name="Get Location" library="SeleniumLibrary">
<doc>Returns the current browser URL.</doc>
<assign>
<var>${location}</var>
</assign>
<msg timestamp="20220120 15:25:48.602" level="INFO">${location} = https://any-api.com/?tag=collaboration</msg>
<status status="PASS" starttime="20220120 15:25:48.593" endtime="20220120 15:25:48.603"></status>
</kw>
<kw name="GET" library="RequestsLibrary">
<doc>Sends a GET request.</doc>
<arguments>
<arg>${location}</arg>
<arg>timeout=10</arg>
</arguments>
<assign>
<var>${response}</var>
</assign>
<msg timestamp="20220120 15:25:49.023" level="INFO">GET Request : url=https://any-api.com/?tag=collaboration 
 path_url=/?tag=collaboration 
 headers={'User-Agent': 'python-requests/2.27.1', 'Accept-Encoding': 'gzip, deflate', 'Accept': '*/*', 'Connection': 'keep-alive'} 
 body=None 
 </msg>
<msg timestamp="20220120 15:25:49.023" level="INFO">GET Response : url=https://any-api.com/?tag=collaboration 
 status=200, reason=OK 
 headers={'Date': 'Thu, 20 Jan 2022 08:25:49 GMT', 'Content-Type': 'text/html; charset=UTF-8', 'Transfer-Encoding': 'chunked', 'Connection': 'keep-alive', 'x-powered-by': 'Express', 'cache-control': 'public, max-age=0', 'last-modified': 'Wed, 12 May 2021 10:51:49 GMT', 'vary': 'Accept-Encoding', 'CF-Cache-Status': 'DYNAMIC', 'Expect-CT': 'max-age=604800, report-uri="https://report-uri.cloudflare.com/cdn-cgi/beacon/expect-ct"', 'Report-To': '{"endpoints":[{"url":"https:\\/\\/a.nel.cloudflare.com\\/report\\/v3?s=kUWlYupRz1ymyecc3hfjMj3S8lTuGR%2B4bOjTiorHFXrknGS7FTu8G8TtEEwqhnmB6QSozoVXC9yuDojh5fTyz3Ecp7K0%2BmmNsY%2FtXqksneyLKDyPMoEX5wHi1qDr6gVrWmv5VVYrjuiRWw%3D%3D"}],"group":"cf-nel","max_age":604800}', 'NEL': '{"success_fraction":0,"report_to":"cf-nel","max_age":604800}', 'Server': 'cloudflare', 'CF-RAY': '6d06ea10ff8f6bd0-SIN', 'Content-Encoding': 'gzip', 'alt-svc': 'h3=":443"; ma=86400, h3-29=":443"; ma=86400'} 
 body=&lt;!DOCTYPE html&gt;&lt;html&gt;&lt;head&gt;
    &lt;title&gt;AnyAPI&lt;/title&gt;
    &lt;base href="/"&gt;
    &lt;link rel="icon" href="assets/favicon.png"&gt;
    &lt;meta http-equiv="Content-Type" content="text/html;charset=utf-8"&gt;
    &lt;meta content="width=device-width, initial-scale=1, minimum-scale=1.0, user-scalable=no" name="viewport"&gt;
    
	&lt;script async src="https://www.googletagmanager.com/gtag/js?id=G-D0MG0ZJ1KC"&gt;&lt;/script&gt;
	&lt;script&gt;
	  window.dataLayer = window.dataLayer || [];
	  function gtag(){dataLayer.push(arguments);}
	  gtag('js', new Date());

	  gtag('config', 'G-D0MG0ZJ1KC');
	&lt;/script&gt;

    &lt;script type="text/javascript"&gt;
      window.lucybot = {};
      function checkBooleanQueryParam(name) {
        return !!window.location.href.substring(window.location.href.indexOf('?')).match(new RegExp('[?&amp;]' + name + '=[^0f]'));
      }
      window.lucybot.openapi = {};
      window.lucybot.prerender = checkBooleanQueryParam('prerender');
      window.lucybot.embed = checkBooleanQueryParam('embed');
      window.lucybot.showNavigation = checkBooleanQueryParam('showNavigation');
    &lt;/script&gt;

  &lt;link href="styles.bundle.css" rel="stylesheet"&gt;&lt;style ng-transition="lucybot-doc-app"&gt;virtual-scroller[_ngcontent-c0] {
        height: 1500px;
      }&lt;/style&gt;&lt;meta name="title" content="AnyAPI"&gt;&lt;meta name="description" content="Documentation and Test Consoles for over 1400 Public APIs"&gt;&lt;meta name="keywords" content=""&gt;&lt;style ng-transition="lucybot-doc-app"&gt;[_nghost-c1] {
      position: relative;
	  display: block;
      -webkit-overflow-scrolling: touch;
    }
	
	.horizontal.selfScroll[_nghost-c1] {
      overflow-y: visible;
      overflow-x: auto;
	}
	.vertical.selfScroll[_nghost-c1] {
      overflow-y: auto;
      overflow-x: visible;
	}
	
    .scrollable-content[_ngcontent-c1] {
      top: 0;
      left: 0;
      width: 100%;
      height: 100%;
      max-width: 100vw;
      max-height: 100vh;
      position: absolute;
    }

	.scrollable-content[_ngcontent-c1]     &gt; * {
		box-sizing: border-box;
	}
	
	.horizontal[_nghost-c1] {
		white-space: nowrap;
	}
	
	.horizontal[_nghost-c1]   .scrollable-content[_ngcontent-c1] {
		display: flex;
	}
	
	.horizontal[_nghost-c1]   .scrollable-content[_ngcontent-c1]     &gt; * {
		flex-shrink: 0;
		flex-grow: 0;
		white-space: initial;
	}
	
    .total-padding[_ngcontent-c1] {
      width: 1px;
      opacity: 0;
    }
    
    .horizontal[_nghost-c1]   .total-padding[_ngcontent-c1] {
      height: 100%;
    }&lt;/style&gt;&lt;/head&gt;

  &lt;body&gt;
    &lt;div id="Navbar"&gt;&lt;nav class="navbar navbar-inverse"&gt;
  &lt;div class="container-fluid"&gt;
    &lt;div class="navbar-header"&gt;
      &lt;button type="button" class="navbar-toggle collapsed" data-toggle="collapse" data-target="#NavbarCollapse" aria-expanded="false"&gt;
        &lt;span class="sr-only"&gt;Toggle navigation&lt;/span&gt;
        &lt;span class="icon-bar"&gt;&lt;/span&gt;
        &lt;span class="icon-bar"&gt;&lt;/span&gt;
        &lt;span class="icon-bar"&gt;&lt;/span&gt;
      &lt;/button&gt;
      &lt;a href="/" class="navbar-brand"&gt;
        &lt;span&gt;Any&lt;/span&gt;
        &lt;i class="fa fa-bolt"&gt;&lt;/i&gt;
        &lt;span&gt;API&lt;/span&gt;
        &lt;span id="AnyAPITitle"&gt;&lt;/span&gt;
      &lt;/a&gt;
	  &lt;img src="https://apilayer.com/images/apilayer-logo.svg" style="position: absolute;
    left: 120px;
    top: 11px;width:110px"&gt;
    &lt;/div&gt;
    &lt;div id="NavbarCollapse" class="collapse navbar-collapse"&gt;
      &lt;ul class="nav navbar-nav navbar-right"&gt;
        &lt;li&gt;
          &lt;a href="http://apilayer.com" target="_blank"&gt;Get Your Free API Key&lt;/a&gt;
        &lt;/li&gt;
      &lt;/ul&gt;
      &lt;form class="navbar-form navbar-right" onsubmit="return onSubmitAnyAPISearch()" action="/" method="get"&gt;
        &lt;div class="form-group"&gt;
          &lt;div class="input-group input-group-sm"&gt;
            &lt;input type="text" class="form-control" name="query" placeholder="Search APIs" id="AnyAPISearch"&gt;
            &lt;div class="input-group-btn"&gt;
              &lt;button type="submit" class="btn"&gt;
                &lt;i class="fa fa-search"&gt;&lt;/i&gt;
              &lt;/button&gt;
            
          &lt;/div&gt;
        &lt;/div&gt;
        &lt;button type="submit" class="btn btn-default hidden"&gt;Submit&lt;/button&gt;
      
    &lt;/div&gt;&lt;/form&gt;
  &lt;/div&gt;
&lt;/div&gt;&lt;/nav&gt;
&lt;/div&gt;

    &lt;app class="loading" ng-version="5.2.9"&gt;
      &lt;router-outlet&gt;&lt;/router-outlet&gt;&lt;gallery _nghost-c0=""&gt;&lt;!----&gt;&lt;div _ngcontent-c0="" class="container-fluid main-container" id="Gallery"&gt;&lt;div _ngcontent-c0="" class="row"&gt;&lt;div _ngcontent-c0="" class="col-xs-12 col-sm-9"&gt;&lt;h1 _ngcontent-c0="" class="breadcrumbs"&gt;&lt;!----&gt;&lt;span _ngcontent-c0=""&gt;API Gallery&lt;/span&gt;&lt;!----&gt;&lt;!----&gt;&lt;/h1&gt;&lt;/div&gt;&lt;div _ngcontent-c0="" class="hidden-xs col-sm-3"&gt;&lt;h3 _ngcontent-c0=""&gt;&lt;div _ngcontent-c0="" class="input-group input-group-sm"&gt;&lt;input _ngcontent-c0="" class="form-control ng-untouched ng-pristine ng-valid" type="text" value=""&gt;&lt;span _ngcontent-c0="" class="input-group-btn"&gt;&lt;!----&gt;&lt;a _ngcontent-c0="" class="btn btn-default"&gt;&lt;span _ngcontent-c0=""&gt;&amp;nbsp;&lt;/span&gt;&lt;i _ngcontent-c0="" class="fa fa-search"&gt;&lt;/i&gt;&lt;span _ngcontent-c0=""&gt;&amp;nbsp;&lt;/span&gt;&lt;/a&gt;&lt;!----&gt;&lt;/span&gt;&lt;/div&gt;&lt;/h3&gt;&lt;/div&gt;&lt;/div&gt;&lt;div _ngcontent-c0="" class="intro" innerhtml="&lt;h1&gt;Any &lt;i class=&amp;quot;fa fa-bolt&amp;quot;&gt;&lt;/i&gt; API&lt;/h1&gt;&amp;amp;#10;&lt;h4&gt;Documentation and Test Consoles for Over 1400 Public APIs&lt;/h4&gt;&amp;amp;#10;&lt;p&gt;Powered by &lt;a href=&amp;quot;http://lucybot.com&amp;quot;&gt;LucyBot&lt;/a&gt; and &lt;a href=&amp;quot;http://apis.guru&amp;quot;&gt;APIs Guru&lt;/a&gt;&lt;/p&gt;&amp;amp;#10;"&gt;&lt;h1&gt;Any &lt;i class="fa fa-bolt"&gt;&lt;/i&gt; API&lt;/h1&gt;
&lt;h4&gt;Documentation and Test Consoles for Over 1400 Public APIs&lt;/h4&gt;
&lt;p&gt;Powered by &lt;a href="http://apilayer.com"&gt;apilayer&lt;/a&gt;, &lt;a href="http://lucybot.com"&gt;LucyBot&lt;/a&gt; and &lt;a href="http://apis.guru"&gt;APIs Guru&lt;/a&gt;&lt;/p&gt;
&lt;/div&gt;&lt;div _ngcontent-c0="" class="row"&gt;&lt;!----&gt;&lt;div _ngcontent-c0="" class="col-xs-12 col-sm-3"&gt;&lt;div _ngcontent-c0="" class="text-center visible-xs show-tags-button"&gt;&lt;a _ngcontent-c0="" class="btn btn-default"&gt;&lt;!----&gt;&lt;!----&gt;&lt;span _ngcontent-c0=""&gt;&lt;span _ngcontent-c0=""&gt;Show Tags&lt;/span&gt;&lt;i _ngcontent-c0="" class="fa fa-right fa-caret-down"&gt;&lt;/i&gt;&lt;/span&gt;&lt;/a&gt;&lt;/div&gt;&lt;div _ngcontent-c0="" class="well tags hidden-xs"&gt;&lt;ul _ngcontent-c0="" class="nav nav-pills nav-stacked text-uppercase"&gt;&lt;li _ngcontent-c0="" class="active"&gt;&lt;a _ngcontent-c0="" class="tag-link"&gt;All&lt;/a&gt;&lt;/li&gt;&lt;!----&gt;&lt;li _ngcontent-c0=""&gt;&lt;a _ngcontent-c0="" class="tag-link"&gt;analytics&lt;/a&gt;&lt;/li&gt;&lt;li _ngcontent-c0=""&gt;&lt;a _ngcontent-c0="" class="tag-link"&gt;backend&lt;/a&gt;&lt;/li&gt;&lt;li _ngcontent-c0=""&gt;&lt;a _ngcontent-c0="" class="tag-link"&gt;cloud&lt;/a&gt;&lt;/li&gt;&lt;li _ngcontent-c0=""&gt;&lt;a _ngcontent-c0="" class="tag-link"&gt;collaboration&lt;/a&gt;&lt;/li&gt;&lt;li _ngcontent-c0=""&gt;&lt;a _ngcontent-c0="" class="tag-link"&gt;customer relation&lt;/a&gt;&lt;/li&gt;&lt;li _ngcontent-c0=""&gt;&lt;a _ngcontent-c0="" class="tag-link"&gt;developer tools&lt;/a&gt;&lt;/li&gt;&lt;li _ngcontent-c0=""&gt;&lt;a _ngcontent-c0="" class="tag-link"&gt;ecommerce&lt;/a&gt;&lt;/li&gt;&lt;li _ngcontent-c0=""&gt;&lt;a _ngcontent-c0="" class="tag-link"&gt;education&lt;/a&gt;&lt;/li&gt;&lt;li _ngcontent-c0=""&gt;&lt;a _ngcontent-c0="" class="tag-link"&gt;email&lt;/a&gt;&lt;/li&gt;&lt;li _ngcontent-c0=""&gt;&lt;a _ngcontent-c0="" class="tag-link"&gt;enterprise&lt;/a&gt;&lt;/li&gt;&lt;li _ngcontent-c0=""&gt;&lt;a _ngcontent-c0="" class="tag-link"&gt;entertainment&lt;/a&gt;&lt;/li&gt;&lt;li _ngcontent-c0=""&gt;&lt;a _ngcontent-c0="" class="tag-link"&gt;Featured APIs&lt;/a&gt;&lt;/li&gt;&lt;li _ngcontent-c0=""&gt;&lt;a _ngcontent-c0="" class="tag-link"&gt;financial&lt;/a&gt;&lt;/li&gt;&lt;li _ngcontent-c0=""&gt;&lt;a _ngcontent-c0="" class="tag-link"&gt;hosting&lt;/a&gt;&lt;/li&gt;&lt;li _ngcontent-c0=""&gt;&lt;a _ngcontent-c0="" class="tag-link"&gt;iot&lt;/a&gt;&lt;/li&gt;&lt;li _ngcontent-c0=""&gt;&lt;a _ngcontent-c0="" class="tag-link"&gt;location&lt;/a&gt;&lt;/li&gt;&lt;li _ngcontent-c0=""&gt;&lt;a _ngcontent-c0="" class="tag-link"&gt;machine learning&lt;/a&gt;&lt;/li&gt;&lt;li _ngcontent-c0=""&gt;&lt;a _ngcontent-c0="" class="tag-link"&gt;marketing&lt;/a&gt;&lt;/li&gt;&lt;li _ngcontent-c0=""&gt;&lt;a _ngcontent-c0="" class="tag-link"&gt;media&lt;/a&gt;&lt;/li&gt;&lt;li _ngcontent-c0=""&gt;&lt;a _ngcontent-c0="" class="tag-link"&gt;messaging&lt;/a&gt;&lt;/li&gt;&lt;li _ngcontent-c0=""&gt;&lt;a _ngcontent-c0="" class="tag-link"&gt;monitoring&lt;/a&gt;&lt;/li&gt;&lt;li _ngcontent-c0=""&gt;&lt;a _ngcontent-c0="" class="tag-link"&gt;open data&lt;/a&gt;&lt;/li&gt;&lt;li _ngcontent-c0=""&gt;&lt;a _ngcontent-c0="" class="tag-link"&gt;payment&lt;/a&gt;&lt;/li&gt;&lt;li _ngcontent-c0=""&gt;&lt;a _ngcontent-c0="" class="tag-link"&gt;project management&lt;/a&gt;&lt;/li&gt;&lt;li _ngcontent-c0=""&gt;&lt;a _ngcontent-c0="" class="tag-link"&gt;search&lt;/a&gt;&lt;/li&gt;&lt;li _ngcontent-c0=""&gt;&lt;a _ngcontent-c0="" class="tag-link"&gt;security&lt;/a&gt;&lt;/li&gt;&lt;li _ngcontent-c0=""&gt;&lt;a _ngcontent-c0="" class="tag-link"&gt;social&lt;/a&gt;&lt;/li&gt;&lt;li _ngcontent-c0=""&gt;&lt;a _ngcontent-c0="" class="tag-link"&gt;storage&lt;/a&gt;&lt;/li&gt;&lt;li _ngcontent-c0=""&gt;&lt;a _ngcontent-c0="" class="tag-link"&gt;support&lt;/a&gt;&lt;/li&gt;&lt;li _ngcontent-c0=""&gt;&lt;a _ngcontent-c0="" class="tag-link"&gt;telecom&lt;/a&gt;&lt;/li&gt;&lt;li _ngcontent-c0=""&gt;&lt;a _ngcontent-c0="" class="tag-link"&gt;text&lt;/a&gt;&lt;/li&gt;&lt;li _ngcontent-c0=""&gt;&lt;a _ngcontent-c0="" class="tag-link"&gt;time management&lt;/a&gt;&lt;/li&gt;&lt;li _ngcontent-c0=""&gt;&lt;a _ngcontent-c0="" class="tag-link"&gt;tools&lt;/a&gt;&lt;/li&gt;&lt;li _ngcontent-c0=""&gt;&lt;a _ngcontent-c0="" class="tag-link"&gt;transport&lt;/a&gt;&lt;/li&gt;&lt;/ul&gt;&lt;/div&gt;&lt;/div&gt;&lt;div _ngcontent-c0="" class="col-xs-12 col-sm-9"&gt;&lt;div _ngcontent-c0="" class="alert alert-warning" hidden=""&gt;No items found.&lt;/div&gt;&lt;virtual-scroller _ngcontent-c0="" class="row vertical selfScroll" _nghost-c1=""&gt;
    &lt;div _ngcontent-c1="" class="total-padding"&gt;&lt;/div&gt;
    &lt;div _ngcontent-c1="" class="scrollable-content"&gt;
	
	&lt;!-- row 1 start--&gt;
	&lt;div _ngcontent-c0="" class="box-col col-xs-12 col-sm-6 col-md-4 col-lg-3"&gt;&lt;!----&gt;&lt;!----&gt;&lt;div _ngcontent-c0="" class="panel panel-default fill-link-container icon-center"&gt;&lt;!----&gt;&lt;!----&gt;&lt;!----&gt;&lt;!----&gt;&lt;a _ngcontent-c0="" class="fill-link" href="https://www.weatherstack.com?utm_source=any-api&amp;utm_medium=OwnedSites" attr="https://www.weatherstack.com?utm_source=any-api&amp;utm_medium=OwnedSites"&gt;&lt;/a&gt;&lt;div _ngcontent-c0="" class="panel-heading"&gt;&lt;div _ngcontent-c0="" class="heading-icon text-center" style="background-color:transparent;"&gt;&lt;!----&gt;&lt;!----&gt;&lt;img _ngcontent-c0="" src="/logos/oxforddictionaries_com.jpeg"&gt;&lt;/div&gt;&lt;div _ngcontent-c0="" class="heading-title text-left"&gt;&lt;span _ngcontent-c0=""&gt;Weatherstack&lt;/span&gt;&lt;/div&gt;&lt;hr _ngcontent-c0="" class="heading-underline"&gt;&lt;/div&gt;&lt;div _ngcontent-c0="" class="panel-body text-left"&gt;&lt;!----&gt;&lt;div _ngcontent-c0=""&gt;&lt;p _ngcontent-c0=""&gt;Instant, accurate weather information for any locati... (set the log level to DEBUG or TRACE to see the full content) 
 </msg>
<msg timestamp="20220120 15:25:49.024" level="INFO">${response} = &lt;Response [200]&gt;</msg>
<status status="PASS" starttime="20220120 15:25:48.603" endtime="20220120 15:25:49.024"></status>
</kw>
<kw name="Should Be Equal As Integers" library="BuiltIn">
<doc>Fails if objects are unequal after converting them to integers.</doc>
<arguments>
<arg>${response.status_code}</arg>
<arg>200</arg>
<arg>This link is active</arg>
</arguments>
<msg timestamp="20220120 15:25:49.025" level="INFO">Argument types are:
&lt;class 'int'&gt;
&lt;type 'unicode'&gt;</msg>
<status status="PASS" starttime="20220120 15:25:49.025" endtime="20220120 15:25:49.026"></status>
</kw>
<status status="PASS" starttime="20220120 15:25:47.709" endtime="20220120 15:25:49.026"></status>
</kw>
<kw name="${item} = &lt;selenium.webdriver.remote.webelement.WebElement (session=&quot;5fe18e17a82fa5ba022c5cc98a3d653d&quot;, element=&quot;f87e8b29-0ca5-4940-a09c-31ea08fd931f&quot;)&gt;" type="foritem">
<kw name="Click Element" library="SeleniumLibrary">
<doc>Click element identified by ``locator``.</doc>
<arguments>
<arg>${item}</arg>
</arguments>
<msg timestamp="20220120 15:25:49.027" level="INFO">Clicking element '&lt;selenium.webdriver.remote.webelement.WebElement (session="5fe18e17a82fa5ba022c5cc98a3d653d", element="f87e8b29-0ca5-4940-a09c-31ea08fd931f")&gt;'.</msg>
<status status="PASS" starttime="20220120 15:25:49.026" endtime="20220120 15:25:50.041"></status>
</kw>
<kw name="Get Location" library="SeleniumLibrary">
<doc>Returns the current browser URL.</doc>
<assign>
<var>${location}</var>
</assign>
<msg timestamp="20220120 15:25:50.051" level="INFO">${location} = https://any-api.com/?tag=customer%20relation</msg>
<status status="PASS" starttime="20220120 15:25:50.042" endtime="20220120 15:25:50.051"></status>
</kw>
<kw name="GET" library="RequestsLibrary">
[...]
 </msg>
<msg timestamp="20220120 15:26:31.383" level="INFO">${response} = &lt;Response [200]&gt;</msg>
<status status="PASS" starttime="20220120 15:26:31.012" endtime="20220120 15:26:31.383"></status>
</kw>
<kw name="Should Be Equal As Integers" library="BuiltIn">
<doc>Fails if objects are unequal after converting them to integers.</doc>
<arguments>
<arg>${response.status_code}</arg>
<arg>200</arg>
<arg>This link is active</arg>
</arguments>
<msg timestamp="20220120 15:26:31.383" level="INFO">Argument types are:
&lt;class 'int'&gt;
&lt;type 'unicode'&gt;</msg>
<status status="PASS" starttime="20220120 15:26:31.383" endtime="20220120 15:26:31.383"></status>
</kw>
<status status="PASS" starttime="20220120 15:26:29.923" endtime="20220120 15:26:31.384"></status>
</kw>
<status status="PASS" starttime="20220120 15:25:42.585" endtime="20220120 15:26:31.384"></status>
</kw>
<kw name="Run Keywords" library="BuiltIn" type="teardown">
<doc>Executes all the given keywords in a sequence.</doc>
<arguments>
<arg>Run Keyword If Timeout Occurred</arg>
<arg>Log</arg>
<arg>Timeout occurs</arg>
<arg>AND</arg>
<arg>Close Browser</arg>
</arguments>
<kw name="Run Keyword If Timeout Occurred" library="BuiltIn">
<doc>Runs the given keyword if either a test or a keyword timeout has occurred.</doc>
<arguments>
<arg>Log</arg>
<arg>Timeout occurs</arg>
</arguments>
<status status="PASS" starttime="20220120 15:26:31.384" endtime="20220120 15:26:31.384"></status>
</kw>
<kw name="Close Browser" library="SeleniumLibrary">
<doc>Closes the current browser.</doc>
<status status="PASS" starttime="20220120 15:26:31.385" endtime="20220120 15:26:33.704"></status>
</kw>
<status status="PASS" starttime="20220120 15:26:31.384" endtime="20220120 15:26:33.704"></status>
</kw>
<status status="PASS" starttime="20220120 15:25:35.303" endtime="20220120 15:26:33.704" critical="yes"></status>
</test>
<test id="s1-s1-s1-t2" name="Test Upload File">
<kw name="Open Browser" library="SeleniumLibrary">
<doc>Opens a new browser instance to the given ``url``.</doc>
<arguments>
<arg>&amp;{LINK_LIST}[upload_file]</arg>
<arg>chrome</arg>
</arguments>
<msg timestamp="20220120 15:26:33.722" level="INFO">Opening browser 'chrome' to base url 'https://www.w3schools.com/howto/howto_html_file_upload_button.asp'.</msg>
<status status="PASS" starttime="20220120 15:26:33.705" endtime="20220120 15:26:38.157"></status>
</kw>
<kw name="Set Browser Implicit Wait" library="SeleniumLibrary">
<doc>Sets the implicit wait value used by Selenium.</doc>
<arguments>
<arg>5</arg>
</arguments>
<status status="PASS" starttime="20220120 15:26:38.157" endtime="20220120 15:26:38.160"></status>
</kw>
<kw name="Input Text" library="SeleniumLibrary">
<doc>Types the given ``text`` into text field identified by ``locator``.</doc>
<arguments>
<arg>id=myFile</arg>
<arg>&amp;{FILE_ADDRESS}[fileaddress]</arg>
</arguments>
<msg timestamp="20220120 15:26:38.161" level="INFO">Typing text 'C://Users/meimei/Desktop/background/Eren.jpg' into text field 'id=myFile'.</msg>
<status status="PASS" starttime="20220120 15:26:38.161" endtime="20220120 15:26:38.239"></status>
</kw>
<kw name="Sleep" library="BuiltIn">
<doc>Pauses the test executed for the given time.</doc>
<arguments>
<arg>2</arg>
</arguments>
<msg timestamp="20220120 15:26:40.242" level="INFO">Slept 2 seconds</msg>
<status status="PASS" starttime="20220120 15:26:38.240" endtime="20220120 15:26:40.242"></status>
</kw>
<kw name="Get Element Attribute" library="SeleniumLibrary">
<doc>Returns value of ``attribute`` from element ``locator``.</doc>
<arguments>
<arg>id=myFile</arg>
<arg>value</arg>
</arguments>
<assign>
<var>${filename}</var>
</assign>
<msg timestamp="20220120 15:26:40.276" level="INFO">${filename} = C:\fakepath\Eren.jpg</msg>
<status status="PASS" starttime="20220120 15:26:40.243" endtime="20220120 15:26:40.277"></status>
</kw>
<kw name="Should Contain" library="BuiltIn">
<doc>Fails if ``container`` does not contain ``item`` one or more times.</doc>
<arguments>
<arg>${filename}</arg>
<arg>Eren.jpg</arg>
</arguments>
<status status="PASS" starttime="20220120 15:26:40.277" endtime="20220120 15:26:40.277"></status>
</kw>
<kw name="Run Keywords" library="BuiltIn" type="teardown">
<doc>Executes all the given keywords in a sequence.</doc>
<arguments>
<arg>Run Keyword If Timeout Occurred</arg>
<arg>Log</arg>
<arg>Timeout occurs</arg>
<arg>AND</arg>
<arg>Close Browser</arg>
</arguments>
<kw name="Run Keyword If Timeout Occurred" library="BuiltIn">
<doc>Runs the given keyword if either a test or a keyword timeout has occurred.</doc>
<arguments>
<arg>Log</arg>
<arg>Timeout occurs</arg>
</arguments>
<status status="PASS" starttime="20220120 15:26:40.278" endtime="20220120 15:26:40.278"></status>
</kw>
<kw name="Close Browser" library="SeleniumLibrary">
<doc>Closes the current browser.</doc>
<status status="PASS" starttime="20220120 15:26:40.278" endtime="20220120 15:26:42.445"></status>
</kw>
<status status="PASS" starttime="20220120 15:26:40.277" endtime="20220120 15:26:42.446"></status>
</kw>
<status status="PASS" starttime="20220120 15:26:33.705" endtime="20220120 15:26:42.446" critical="yes"></status>
</test>
<test id="s1-s1-s1-t3" name="Test Iframe">
<kw name="Set Variable" library="BuiltIn">
<doc>Returns the given values which can then be assigned to a variables.</doc>
<arguments>
<arg>An HTML iframe is used to display a web page within a web page.</arg>
</arguments>
<assign>
<var>${text}</var>
</assign>
<msg timestamp="20220120 15:26:42.447" level="INFO">${text} = An HTML iframe is used to display a web page within a web page.</msg>
<status status="PASS" starttime="20220120 15:26:42.447" endtime="20220120 15:26:42.447"></status>
</kw>
<kw name="Open Browser" library="SeleniumLibrary">
<doc>Opens a new browser instance to the given ``url``.</doc>
<arguments>
<arg>&amp;{LINK_LIST}[iframe]</arg>
<arg>chrome</arg>
</arguments>
<msg timestamp="20220120 15:26:42.448" level="INFO">Opening browser 'chrome' to base url 'https://www.w3schools.com/html/html_iframe.asp'.</msg>
<status status="PASS" starttime="20220120 15:26:42.448" endtime="20220120 15:26:45.287"></status>
</kw>
<kw name="Select Frame" library="SeleniumLibrary">
<doc>Sets frame identified by ``locator`` as the current frame.</doc>
<arguments>
<arg>css:#main &gt; div:nth-child(7) &gt; iframe</arg>
</arguments>
<msg timestamp="20220120 15:26:45.288" level="INFO">Selecting frame 'css:#main &gt; div:nth-child(7) &gt; iframe'.</msg>
<status status="PASS" starttime="20220120 15:26:45.287" endtime="20220120 15:26:45.317"></status>
</kw>
<kw name="Set Browser Implicit Wait" library="SeleniumLibrary">
<doc>Sets the implicit wait value used by Selenium.</doc>
<arguments>
<arg>5</arg>
</arguments>
<status status="PASS" starttime="20220120 15:26:45.318" endtime="20220120 15:26:45.319"></status>
</kw>
<kw name="Current Frame Should Not Contain" library="SeleniumLibrary">
<doc>Verifies that current frame does not contains ``text``.</doc>
<arguments>
<arg>${text}</arg>
</arguments>
<msg timestamp="20220120 15:26:50.328" level="INFO">Current frame did not contain text 'An HTML iframe is used to display a web page within a web page.'.</msg>
<status status="PASS" starttime="20220120 15:26:45.319" endtime="20220120 15:26:50.329"></status>
</kw>
<kw name="Unselect Frame" library="SeleniumLibrary">
<doc>Sets the main frame as the current frame.</doc>
<status status="PASS" starttime="20220120 15:26:50.329" endtime="20220120 15:26:50.332"></status>
</kw>
<kw name="Current Frame Should Contain" library="SeleniumLibrary">
<doc>Verifies that current frame contains ``text``.</doc>
<arguments>
<arg>${text}</arg>
</arguments>
<msg timestamp="20220120 15:26:50.342" level="INFO">Current frame contains text 'An HTML iframe is used to display a web page within a web page.'.</msg>
<status status="PASS" starttime="20220120 15:26:50.332" endtime="20220120 15:26:50.342"></status>
</kw>
<kw name="Run Keywords" library="BuiltIn" type="teardown">
<doc>Executes all the given keywords in a sequence.</doc>
<arguments>
<arg>Run Keyword If Timeout Occurred</arg>
<arg>Log</arg>
<arg>Timeout occurs</arg>
<arg>AND</arg>
<arg>Close Browser</arg>
</arguments>
<kw name="Run Keyword If Timeout Occurred" library="BuiltIn">
<doc>Runs the given keyword if either a test or a keyword timeout has occurred.</doc>
<arguments>
<arg>Log</arg>
<arg>Timeout occurs</arg>
</arguments>
<status status="PASS" starttime="20220120 15:26:50.343" endtime="20220120 15:26:50.343"></status>
</kw>
<kw name="Close Browser" library="SeleniumLibrary">
<doc>Closes the current browser.</doc>
<status status="PASS" starttime="20220120 15:26:50.343" endtime="20220120 15:26:52.537"></status>
</kw>
<status status="PASS" starttime="20220120 15:26:50.342" endtime="20220120 15:26:52.537"></status>
</kw>
<status status="PASS" starttime="20220120 15:26:42.446" endtime="20220120 15:26:52.538" critical="yes"></status>
</test>
<test id="s1-s1-s1-t4" name="Test New Tab">
<kw name="Set Variable" library="BuiltIn">
<doc>Returns the given values which can then be assigned to a variables.</doc>
<arguments>
<arg>content &gt; div.post &gt; p:nth-child(4) &gt; input[type=button]:nth-child(2)</arg>
</arguments>
<assign>
<var>${css}</var>
</assign>
<msg timestamp="20220120 15:26:52.539" level="INFO">${css} = content &gt; div.post &gt; p:nth-child(4) &gt; input[type=button]:nth-child(2)</msg>
<status status="PASS" starttime="20220120 15:26:52.539" endtime="20220120 15:26:52.539"></status>
</kw>
<kw name="Open Browser" library="SeleniumLibrary">
<doc>Opens a new browser instance to the given ``url``.</doc>
<arguments>
<arg>&amp;{LINK_LIST}[newtab]</arg>
<arg>chrome</arg>
</arguments>
<msg timestamp="20220120 15:26:52.540" level="INFO">Opening browser 'chrome' to base url 'https://www.encodedna.com/javascript/demo/open-new-window-using-javascript-method.htm'.</msg>
<status status="PASS" starttime="20220120 15:26:52.540" endtime="20220120 15:26:57.869"></status>
</kw>
<kw name="Scroll Element Into View" library="SeleniumLibrary">
<doc>Scrolls an element identified by ``locator`` into view.</doc>
<arguments>
<arg>css:#${MUST_SCROLL}</arg>
</arguments>
<status status="PASS" starttime="20220120 15:26:57.870" endtime="20220120 15:26:58.245"></status>
</kw>
<kw name="Click Button" library="SeleniumLibrary">
<doc>Clicks button identified by ``locator``.</doc>
<arguments>
<arg>css=#${css}</arg>
</arguments>
<msg timestamp="20220120 15:26:58.247" level="INFO">Clicking button 'css=#content &gt; div.post &gt; p:nth-child(4) &gt; input[type=button]:nth-child(2)'.</msg>
<status status="PASS" starttime="20220120 15:26:58.246" endtime="20220120 15:26:58.605"></status>
</kw>
<kw name="Get Window Handles" library="SeleniumLibrary">
<doc>Return all current window handles as a list.</doc>
<assign>
<var>@{tabs}</var>
</assign>
<msg timestamp="20220120 15:26:58.613" level="INFO">@{tabs} = [ CDwindow-03D35688771D6B5F95A8E51D4A6610F7 | CDwindow-0EADDF196B09C96A86B324DF9946EAF6 ]</msg>
<status status="PASS" starttime="20220120 15:26:58.606" endtime="20220120 15:26:58.615"></status>
</kw>
<kw name="Select Window" library="SeleniumLibrary">
<doc>Selects browser window matching ``locator``.</doc>
<arguments>
<arg>@{tabs}[1]</arg>
</arguments>
<status status="PASS" starttime="20220120 15:26:58.615" endtime="20220120 15:26:58.691"></status>
</kw>
<kw name="Sleep" library="BuiltIn">
<doc>Pauses the test executed for the given time.</doc>
<arguments>
<arg>2</arg>
</arguments>
<msg timestamp="20220120 15:27:00.705" level="INFO">Slept 2 seconds</msg>
<status status="PASS" starttime="20220120 15:26:58.691" endtime="20220120 15:27:00.705"></status>
</kw>
<kw name="Select Window" library="SeleniumLibrary">
<doc>Selects browser window matching ``locator``.</doc>
<arguments>
<arg>@{tabs}[0]</arg>
</arguments>
<status status="PASS" starttime="20220120 15:27:00.706" endtime="20220120 15:27:01.427"></status>
</kw>
<kw name="Sleep" library="BuiltIn">
<doc>Pauses the test executed for the given time.</doc>
<arguments>
<arg>2</arg>
</arguments>
<msg timestamp="20220120 15:27:03.436" level="INFO">Slept 2 seconds</msg>
<status status="PASS" starttime="20220120 15:27:01.429" endtime="20220120 15:27:03.436"></status>
</kw>
<kw name="Run Keywords" library="BuiltIn" type="teardown">
<doc>Executes all the given keywords in a sequence.</doc>
<arguments>
<arg>Run Keyword If Timeout Occurred</arg>
<arg>Log</arg>
<arg>Timeout occurs</arg>
<arg>AND</arg>
<arg>Close Browser</arg>
</arguments>
<kw name="Run Keyword If Timeout Occurred" library="BuiltIn">
<doc>Runs the given keyword if either a test or a keyword timeout has occurred.</doc>
<arguments>
<arg>Log</arg>
<arg>Timeout occurs</arg>
</arguments>
<status status="PASS" starttime="20220120 15:27:03.437" endtime="20220120 15:27:03.437"></status>
</kw>
<kw name="Close Browser" library="SeleniumLibrary">
<doc>Closes the current browser.</doc>
<status status="PASS" starttime="20220120 15:27:03.438" endtime="20220120 15:27:05.648"></status>
</kw>
<status status="PASS" starttime="20220120 15:27:03.437" endtime="20220120 15:27:05.648"></status>
</kw>
<status status="PASS" starttime="20220120 15:26:52.538" endtime="20220120 15:27:05.648" critical="yes"></status>
</test>
<test id="s1-s1-s1-t5" name="Test Popout Window">
<kw name="Set Variable" library="BuiltIn">
<doc>Returns the given values which can then be assigned to a variables.</doc>
<arguments>
<arg>content &gt; div.post &gt; p:nth-child(4) &gt; input[type=button]:nth-child(1)</arg>
</arguments>
<assign>
<var>${css}</var>
</assign>
<msg timestamp="20220120 15:27:05.650" level="INFO">${css} = content &gt; div.post &gt; p:nth-child(4) &gt; input[type=button]:nth-child(1)</msg>
<status status="PASS" starttime="20220120 15:27:05.649" endtime="20220120 15:27:05.650"></status>
</kw>
<kw name="Set Variable" library="BuiltIn">
<doc>Returns the given values which can then be assigned to a variables.</doc>
<arguments>
<arg>A New Popup Window</arg>
</arguments>
<assign>
<var>${text}</var>
</assign>
<msg timestamp="20220120 15:27:05.650" level="INFO">${text} = A New Popup Window</msg>
<status status="PASS" starttime="20220120 15:27:05.650" endtime="20220120 15:27:05.650"></status>
</kw>
<kw name="Open Browser" library="SeleniumLibrary">
<doc>Opens a new browser instance to the given ``url``.</doc>
<arguments>
<arg>&amp;{LINK_LIST}[newtab]</arg>
<arg>chrome</arg>
</arguments>
<msg timestamp="20220120 15:27:05.651" level="INFO">Opening browser 'chrome' to base url 'https://www.encodedna.com/javascript/demo/open-new-window-using-javascript-method.htm'.</msg>
<status status="PASS" starttime="20220120 15:27:05.651" endtime="20220120 15:27:12.641"></status>
</kw>
<kw name="Scroll Element Into View" library="SeleniumLibrary">
<doc>Scrolls an element identified by ``locator`` into view.</doc>
<arguments>
<arg>css:#${MUST_SCROLL}</arg>
</arguments>
<status status="PASS" starttime="20220120 15:27:12.641" endtime="20220120 15:27:12.996"></status>
</kw>
<kw name="Click Button" library="SeleniumLibrary">
<doc>Clicks button identified by ``locator``.</doc>
<arguments>
<arg>css=#${css}</arg>
</arguments>
<msg timestamp="20220120 15:27:12.997" level="INFO">Clicking button 'css=#content &gt; div.post &gt; p:nth-child(4) &gt; input[type=button]:nth-child(1)'.</msg>
<status status="PASS" starttime="20220120 15:27:12.996" endtime="20220120 15:27:13.145"></status>
</kw>
<kw name="Get Window Handles" library="SeleniumLibrary">
<doc>Return all current window handles as a list.</doc>
<assign>
<var>@{wins}</var>
</assign>
<msg timestamp="20220120 15:27:13.152" level="INFO">@{wins} = [ CDwindow-8DE9FBF109BAFCE21508894C78AF1521 | CDwindow-55B3E1A50FE2749AE76A89AA78D79466 ]</msg>
<status status="PASS" starttime="20220120 15:27:13.145" endtime="20220120 15:27:13.152"></status>
</kw>
<kw name="Select Window" library="SeleniumLibrary">
<doc>Selects browser window matching ``locator``.</doc>
<arguments>
<arg>@{wins}[1]</arg>
</arguments>
<status status="PASS" starttime="20220120 15:27:13.154" endtime="20220120 15:27:13.250"></status>
</kw>
<kw name="Get Title" library="SeleniumLibrary">
<doc>Returns the title of current page.</doc>
<assign>
<var>${title_new}</var>
</assign>
<msg timestamp="20220120 15:27:14.514" level="INFO">${title_new} = Open a New Window using JavaScript window.open() - Demo</msg>
<status status="PASS" starttime="20220120 15:27:13.251" endtime="20220120 15:27:14.514"></status>
</kw>
<kw name="Select Window" library="SeleniumLibrary">
<doc>Selects browser window matching ``locator``.</doc>
<arguments>
<arg>@{wins}[0]</arg>
</arguments>
<status status="PASS" starttime="20220120 15:27:14.514" endtime="20220120 15:27:14.533"></status>
</kw>
<kw name="Get Title" library="SeleniumLibrary">
<doc>Returns the title of current page.</doc>
<assign>
<var>${title_cur}</var>
</assign>
<msg timestamp="20220120 15:27:14.553" level="INFO">${title_cur} = Open a New Browser Window using JavaScript - Demo</msg>
<status status="PASS" starttime="20220120 15:27:14.534" endtime="20220120 15:27:14.554"></status>
</kw>
<kw name="Should Not Be Equal As Strings" library="BuiltIn">
<doc>Fails if objects are equal after converting them to strings.</doc>
<arguments>
<arg>${title_cur}</arg>
<arg>${title_new}</arg>
<arg>title must be different</arg>
</arguments>
<status status="PASS" starttime="20220120 15:27:14.554" endtime="20220120 15:27:14.555"></status>
</kw>
<kw name="Run Keywords" library="BuiltIn" type="teardown">
<doc>Executes all the given keywords in a sequence.</doc>
<arguments>
<arg>Run Keyword If Timeout Occurred</arg>
<arg>Log</arg>
<arg>Timeout occurs</arg>
<arg>AND</arg>
<arg>Close Browser</arg>
</arguments>
<kw name="Run Keyword If Timeout Occurred" library="BuiltIn">
<doc>Runs the given keyword if either a test or a keyword timeout has occurred.</doc>
<arguments>
<arg>Log</arg>
<arg>Timeout occurs</arg>
</arguments>
<status status="PASS" starttime="20220120 15:27:14.556" endtime="20220120 15:27:14.556"></status>
</kw>
<kw name="Close Browser" library="SeleniumLibrary">
<doc>Closes the current browser.</doc>
<status status="PASS" starttime="20220120 15:27:14.556" endtime="20220120 15:27:16.894"></status>
</kw>
<status status="PASS" starttime="20220120 15:27:14.555" endtime="20220120 15:27:16.894"></status>
</kw>
<status status="PASS" starttime="20220120 15:27:05.649" endtime="20220120 15:27:16.895" critical="yes"></status>
</test>
<status status="PASS" starttime="20220120 15:25:34.800" endtime="20220120 15:27:16.895"></status>
</suite>
<status status="PASS" starttime="20220120 15:25:34.798" endtime="20220120 15:27:16.898"></status>
</suite>
<status status="PASS" starttime="20220120 15:25:34.774" endtime="20220120 15:27:16.900"></status>
</suite>
<statistics>
<total>
<stat pass="5" fail="0">Critical Tests</stat>
<stat pass="5" fail="0">All Tests</stat>
</total>
<tag>
</tag>
<suite>
<stat pass="5" fail="0" id="s1" name="Demo robot01">Demo robot01</stat>
<stat pass="5" fail="0" id="s1-s1" name="Test">Demo robot01.Test</stat>
<stat pass="5" fail="0" id="s1-s1-s1" name="Demo01">Demo robot01.Test.Demo01</stat>
</suite>
</statistics>
<errors>
</errors>
</robot>
